0.000000e+00, 6.283185e+00, 100, 0.000000e+00, 0.000000e+00, 3000, 1.000000e-10, 2, 3.318703e-12
6.998170e-02
5.439745e-04
2.300878e-06
7.657557e-09
2.233097e-11
4.789679e-15
-7.525484e-14
-9.849157e-14
-1.246539e-13
-1.538937e-13
-6.773032e-13
-2.216069e-13
3.203010e-13
-3.016316e-13
-1.015931e-12
-3.939678e-13
3.142075e-13
-4.986154e-13
-1.403806e-12
-6.155746e-13
2.588680e-13
-2.709213e-12
-1.840926e-12
-8.864275e-13
1.542826e-13
1.281204e-12
-2.327292e-12
-1.206526e-12
4.511437e-16
-4.063726e-12
-2.862904e-12
-1.575871e-12
-2.026263e-13
1.256830e-12
-3.447762e-12
-1.994462e-12
-4.549496e-13
-5.615223e-12
-4.081866e-12
-2.462298e-12
-8.078253e-12
1.035472e-12
-4.765217e-12
-1.083685e-11
-1.107334e-12
-7.363704e-12
2.895394e-12
-3.545710e-12
-1.025776e-11
6.171303e-13
-6.279655e-12
5.124817e-12
-1.956703e-12
-9.309168e-12
2.711095e-12
-4.826105e-12
-1.263425e-11
1.804575e-15
-7.991076e-12
-1.625490e-11
-3.003055e-12
-1.145162e-11
2.329812e-12
-6.303484e-12
-1.520773e-11
-8.105050e-13
-9.899482e-12
5.027320e-12
-4.246391e-12
-1.379105e-11
1.751545e-12
-7.977847e-12
-1.797819e-11
-1.819798e-12
-1.200487e-11
-2.246089e-11
-5.686712e-12
-1.632747e-11
9.762948e-13
-9.849194e-12
-2.094563e-11
-3.231301e-11
1.533685e-11
4.141889e-12
-7.324016e-12
-1.906087e-11
-3.106866e-11
-4.334741e-11
7.676983e-12
-4.429337e-12
-1.680660e-11
-2.945481e-11
-4.237397e-11
1.158158e-11
-1.165158e-12
-1.418284e-11
-2.747147e-11
-4.103104e-11
1.585567e-11
2.468521e-12
