0.000000e+00, 6.283185e+00, 1000, 0.000000e+00, 0.000000e+00, 300000, 1.000000e-10, 1.000000e-01, 300000, 5.123865e-02
-4.280054e-04
-7.771641e-04
-1.047439e-03
-1.238800e-03
-1.351224e-03
-1.384692e-03
-1.339194e-03
-1.214725e-03
-1.011288e-03
-7.288896e-04
-3.675458e-04
7.272255e-05
5.918876e-04
1.189915e-03
1.866765e-03
2.622390e-03
3.456737e-03
4.369745e-03
5.361348e-03
6.431475e-03
7.580045e-03
8.806973e-03
1.011217e-02
1.149553e-02
1.295695e-02
1.449633e-02
1.611354e-02
1.780846e-02
1.958096e-02
2.143091e-02
2.335815e-02
2.536255e-02
2.744394e-02
2.960217e-02
3.183706e-02
3.414844e-02
3.653613e-02
3.899995e-02
4.153969e-02
4.415516e-02
4.684616e-02
4.961247e-02
5.245387e-02
5.537014e-02
5.836105e-02
6.142636e-02
6.456583e-02
6.777920e-02
7.106623e-02
7.442666e-02
7.786020e-02
8.136660e-02
8.494557e-02
8.859682e-02
9.232007e-02
9.611501e-02
9.998134e-02
1.039188e-01
1.079269e-01
1.120056e-01
1.161543e-01
1.203728e-01
1.246608e-01
1.290179e-01
1.334437e-01
1.379379e-01
1.425001e-01
1.471300e-01
1.518272e-01
1.565913e-01
1.614219e-01
1.663187e-01
1.712811e-01
1.763089e-01
1.814017e-01
1.865589e-01
1.917802e-01
1.970652e-01
2.024134e-01
2.078244e-01
2.132978e-01
2.188331e-01
2.244298e-01
2.300875e-01
2.358058e-01
2.415841e-01
2.474221e-01
2.533191e-01
2.592748e-01
2.652886e-01
2.713601e-01
2.774887e-01
2.836740e-01
2.899154e-01
2.962125e-01
3.025646e-01
3.089713e-01
3.154321e-01
3.219463e-01
3.285136e-01
3.351332e-01
3.418048e-01
3.485277e-01
3.553013e-01
3.621252e-01
3.689987e-01
3.759212e-01
3.828923e-01
3.899112e-01
3.969775e-01
4.040905e-01
4.112496e-01
4.184543e-01
4.257039e-01
4.329978e-01
4.403354e-01
4.477161e-01
4.551393e-01
4.626044e-01
4.701106e-01
4.776574e-01
4.852442e-01
4.928703e-01
5.005350e-01
5.082377e-01
5.159778e-01
5.237545e-01
5.315673e-01
5.394155e-01
5.472984e-01
5.552152e-01
5.631655e-01
5.711484e-01
5.791633e-01
5.872094e-01
5.952862e-01
6.033929e-01
6.115288e-01
6.196932e-01
6.278854e-01
6.361047e-01
6.443504e-01
6.526218e-01
6.609181e-01
6.692387e-01
6.775828e-01
6.859496e-01
6.943385e-01
7.027488e-01
7.111796e-01
7.196303e-01
7.281000e-01
7.365881e-01
7.450939e-01
7.536165e-01
7.621552e-01
7.707093e-01
7.792780e-01
7.878605e-01
7.964561e-01
8.050640e-01
8.136834e-01
8.223137e-01
8.309539e-01
8.396034e-01
8.482613e-01
8.569269e-01
8.655995e-01
8.742781e-01
8.829620e-01
8.916506e-01
9.003428e-01
9.090381e-01
9.177355e-01
9.264343e-01
9.351337e-01
9.438329e-01
9.525311e-01
9.612275e-01
9.699213e-01
9.786117e-01
9.872978e-01
9.959790e-01
1.004654e+00
1.013323e+00
1.021984e+00
1.030637e+00
1.039281e+00
1.047916e+00
1.056539e+00
1.065151e+00
1.073751e+00
1.082337e+00
1.090910e+00
1.099468e+00
1.108010e+00
1.116536e+00
1.125045e+00
1.133535e+00
1.142007e+00
1.150459e+00
1.158891e+00
1.167301e+00
1.175690e+00
1.184055e+00
1.192397e+00
1.200714e+00
1.209005e+00
1.217271e+00
1.225509e+00
1.233719e+00
1.241901e+00
1.250054e+00
1.258176e+00
1.266266e+00
1.274325e+00
1.282351e+00
1.290344e+00
1.298302e+00
1.306225e+00
1.314112e+00
1.321962e+00
1.329774e+00
1.337548e+00
1.345282e+00
1.352977e+00
1.360630e+00
1.368242e+00
1.375811e+00
1.383337e+00
1.390819e+00
1.398256e+00
1.405647e+00
1.412992e+00
1.420289e+00
1.427538e+00
1.434738e+00
1.441888e+00
1.448988e+00
1.456037e+00
1.463033e+00
1.469976e+00
1.476866e+00
1.483701e+00
1.490482e+00
1.497205e+00
1.503873e+00
1.510482e+00
1.517033e+00
1.523525e+00
1.529958e+00
1.536329e+00
1.542639e+00
1.548887e+00
1.555072e+00
1.561193e+00
1.567249e+00
1.573241e+00
1.579166e+00
1.585025e+00
1.590816e+00
1.596539e+00
1.602193e+00
1.607778e+00
1.613292e+00
1.618735e+00
1.624105e+00
1.629404e+00
1.634629e+00
1.639780e+00
1.644856e+00
1.649857e+00
1.654782e+00
1.659629e+00
1.664400e+00
1.669092e+00
1.673705e+00
1.678238e+00
1.682691e+00
1.687063e+00
1.691354e+00
1.695562e+00
1.699687e+00
1.703728e+00
1.707685e+00
1.711557e+00
1.715344e+00
1.719044e+00
1.722657e+00
1.726182e+00
1.729619e+00
1.732968e+00
1.736227e+00
1.739396e+00
1.742474e+00
1.745460e+00
1.748355e+00
1.751158e+00
1.753867e+00
1.756482e+00
1.759003e+00
1.761429e+00
1.763760e+00
1.765994e+00
1.768132e+00
1.770173e+00
1.772115e+00
1.773960e+00
1.775705e+00
1.777352e+00
1.778898e+00
1.780343e+00
1.781688e+00
1.782931e+00
1.784072e+00
1.785110e+00
1.786045e+00
1.786877e+00
1.787605e+00
1.788227e+00
1.788745e+00
1.789157e+00
1.789464e+00
1.789663e+00
1.789756e+00
1.789741e+00
1.789618e+00
1.789387e+00
1.789047e+00
1.788598e+00
1.788040e+00
1.787371e+00
1.786592e+00
1.785701e+00
1.784700e+00
1.783587e+00
1.782361e+00
1.781024e+00
1.779573e+00
1.778009e+00
1.776331e+00
1.774540e+00
1.772634e+00
1.770614e+00
1.768478e+00
1.766227e+00
1.763861e+00
1.761378e+00
1.758779e+00
1.756064e+00
1.753232e+00
1.750282e+00
1.747215e+00
1.744030e+00
1.740727e+00
1.737305e+00
1.733765e+00
1.730106e+00
1.726328e+00
1.722431e+00
1.718414e+00
1.714277e+00
1.710020e+00
1.705643e+00
1.701145e+00
1.696527e+00
1.691788e+00
1.686927e+00
1.681946e+00
1.676843e+00
1.671619e+00
1.666272e+00
1.660804e+00
1.655214e+00
1.649502e+00
1.643667e+00
1.637710e+00
1.631631e+00
1.625429e+00
1.619104e+00
1.612656e+00
1.606085e+00
1.599391e+00
1.592574e+00
1.585635e+00
1.578571e+00
1.571385e+00
1.564075e+00
1.556642e+00
1.549086e+00
1.541406e+00
1.533603e+00
1.525676e+00
1.517626e+00
1.509453e+00
1.501156e+00
1.492736e+00
1.484192e+00
1.475526e+00
1.466736e+00
1.457823e+00
1.448787e+00
1.439627e+00
1.430345e+00
1.420940e+00
1.411412e+00
1.401761e+00
1.391988e+00
1.382093e+00
1.372075e+00
1.361935e+00
1.351672e+00
1.341288e+00
1.330782e+00
1.320155e+00
1.309406e+00
1.298535e+00
1.287544e+00
1.276432e+00
1.265199e+00
1.253845e+00
1.242371e+00
1.230778e+00
1.219064e+00
1.207231e+00
1.195278e+00
1.183207e+00
1.171016e+00
1.158707e+00
1.146280e+00
1.133734e+00
1.121071e+00
1.108291e+00
1.095393e+00
1.082379e+00
1.069248e+00
1.056001e+00
1.042638e+00
1.029159e+00
1.015566e+00
1.001858e+00
9.880350e-01
9.740983e-01
9.600479e-01
9.458843e-01
9.316078e-01
9.172189e-01
9.027179e-01
8.881053e-01
8.733815e-01
8.585469e-01
8.436019e-01
8.285471e-01
8.133829e-01
7.981096e-01
7.827279e-01
7.672382e-01
7.516409e-01
7.359365e-01
7.201256e-01
7.042087e-01
6.881863e-01
6.720588e-01
6.558269e-01
6.394910e-01
6.230517e-01
6.065096e-01
5.898651e-01
5.731190e-01
5.562716e-01
5.393237e-01
5.222758e-01
5.051285e-01
4.878824e-01
4.705381e-01
4.530962e-01
4.355573e-01
4.179221e-01
4.001912e-01
3.823652e-01
3.644448e-01
3.464307e-01
3.283234e-01
3.101237e-01
2.918323e-01
2.734497e-01
2.549768e-01
2.364142e-01
2.177626e-01
1.990227e-01
1.801952e-01
1.612809e-01
1.422805e-01
1.231947e-01
1.040242e-01
8.476986e-02
6.543235e-02
4.601246e-02
2.651095e-02
6.928595e-03
-1.273383e-02
-3.247553e-02
-5.229573e-02
-7.219362e-02
-9.216840e-02
-1.122193e-01
-1.323454e-01
-1.525459e-01
-1.728201e-01
-1.931671e-01
-2.135860e-01
-2.340760e-01
-2.546362e-01
-2.752658e-01
-2.959640e-01
-3.167297e-01
-3.375623e-01
-3.584608e-01
-3.794243e-01
-4.004519e-01
-4.215427e-01
-4.426958e-01
-4.639104e-01
-4.851854e-01
-5.065200e-01
-5.279133e-01
-5.493643e-01
-5.708721e-01
-5.924358e-01
-6.140543e-01
-6.357268e-01
-6.574523e-01
-6.792298e-01
-7.010584e-01
-7.229371e-01
-7.448649e-01
-7.668409e-01
-7.888640e-01
-8.109333e-01
-8.330477e-01
-8.552063e-01
-8.774081e-01
-8.996521e-01
-9.219372e-01
-9.442624e-01
-9.666267e-01
-9.890290e-01
-1.011468e+00
-1.033944e+00
-1.056454e+00
-1.078999e+00
-1.101576e+00
-1.124185e+00
-1.146825e+00
-1.169494e+00
-1.192192e+00
-1.214918e+00
-1.237670e+00
-1.260447e+00
-1.283249e+00
-1.306074e+00
-1.328922e+00
-1.351790e+00
-1.374678e+00
-1.397586e+00
-1.420511e+00
-1.443452e+00
-1.466409e+00
-1.489381e+00
-1.512366e+00
-1.535363e+00
-1.558371e+00
-1.581389e+00
-1.604416e+00
-1.627451e+00
-1.650492e+00
-1.673539e+00
-1.696590e+00
-1.719644e+00
-1.742700e+00
-1.765757e+00
-1.788813e+00
-1.811869e+00
-1.834921e+00
-1.857970e+00
-1.881013e+00
-1.904051e+00
-1.927081e+00
-1.950103e+00
-1.973115e+00
-1.996117e+00
-2.019106e+00
-2.042083e+00
-2.065045e+00
-2.087991e+00
-2.110921e+00
-2.133833e+00
-2.156725e+00
-2.179598e+00
-2.202449e+00
-2.225278e+00
-2.248082e+00
-2.270862e+00
-2.293615e+00
-2.316341e+00
-2.339038e+00
-2.361706e+00
-2.384342e+00
-2.406946e+00
-2.429517e+00
-2.452053e+00
-2.474553e+00
-2.497016e+00
-2.519441e+00
-2.541826e+00
-2.564171e+00
-2.586474e+00
-2.608733e+00
-2.630949e+00
-2.653118e+00
-2.675241e+00
-2.697317e+00
-2.719342e+00
-2.741318e+00
-2.763242e+00
-2.785113e+00
-2.806930e+00
-2.828692e+00
-2.850397e+00
-2.872045e+00
-2.893634e+00
-2.915162e+00
-2.936630e+00
-2.958034e+00
-2.979375e+00
-3.000652e+00
-3.021862e+00
-3.043004e+00
-3.064078e+00
-3.085082e+00
-3.106016e+00
-3.126877e+00
-3.147664e+00
-3.168377e+00
-3.189014e+00
-3.209575e+00
-3.230057e+00
-3.250459e+00
-3.270781e+00
-3.291021e+00
-3.311178e+00
-3.331251e+00
-3.351238e+00
-3.371139e+00
-3.390951e+00
-3.410675e+00
-3.430309e+00
-3.449851e+00
-3.469301e+00
-3.488657e+00
-3.507919e+00
-3.527084e+00
-3.546152e+00
-3.565121e+00
-3.583991e+00
-3.602760e+00
-3.621427e+00
-3.639991e+00
-3.658451e+00
-3.676805e+00
-3.695053e+00
-3.713193e+00
-3.731224e+00
-3.749145e+00
-3.766955e+00
-3.784652e+00
-3.802236e+00
-3.819706e+00
-3.837060e+00
-3.854297e+00
-3.871415e+00
-3.888415e+00
-3.905295e+00
-3.922053e+00
-3.938689e+00
-3.955201e+00
-3.971589e+00
-3.987851e+00
-4.003986e+00
-4.019993e+00
-4.035871e+00
-4.051619e+00
-4.067236e+00
-4.082720e+00
-4.098071e+00
-4.113288e+00
-4.128369e+00
-4.143313e+00
-4.158120e+00
-4.172788e+00
-4.187317e+00
-4.201705e+00
-4.215951e+00
-4.230054e+00
-4.244013e+00
-4.257828e+00
-4.271496e+00
-4.285018e+00
-4.298391e+00
-4.311616e+00
-4.324691e+00
-4.337615e+00
-4.350387e+00
-4.363006e+00
-4.375471e+00
-4.387782e+00
-4.399936e+00
-4.411934e+00
-4.423774e+00
-4.435455e+00
-4.446977e+00
-4.458338e+00
-4.469538e+00
-4.480575e+00
-4.491449e+00
-4.502158e+00
-4.512702e+00
-4.523081e+00
-4.533292e+00
-4.543335e+00
-4.553210e+00
-4.562915e+00
-4.572449e+00
-4.581812e+00
-4.591003e+00
-4.600021e+00
-4.608865e+00
-4.617534e+00
-4.626027e+00
-4.634344e+00
-4.642484e+00
-4.650445e+00
-4.658228e+00
-4.665831e+00
-4.673253e+00
-4.680494e+00
-4.687554e+00
-4.694430e+00
-4.701122e+00
-4.707631e+00
-4.713954e+00
-4.720091e+00
-4.726042e+00
-4.731806e+00
-4.737381e+00
-4.742768e+00
-4.747965e+00
-4.752972e+00
-4.757788e+00
-4.762413e+00
-4.766846e+00
-4.771085e+00
-4.775131e+00
-4.778983e+00
-4.782640e+00
-4.786102e+00
-4.789367e+00
-4.792436e+00
-4.795307e+00
-4.797981e+00
-4.800456e+00
-4.802732e+00
-4.804808e+00
-4.806684e+00
-4.808359e+00
-4.809832e+00
-4.811104e+00
-4.812173e+00
-4.813039e+00
-4.813702e+00
-4.814161e+00
-4.814415e+00
-4.814464e+00
-4.814307e+00
-4.813945e+00
-4.813376e+00
-4.812600e+00
-4.811616e+00
-4.810425e+00
-4.809026e+00
-4.807418e+00
-4.805601e+00
-4.803574e+00
-4.801337e+00
-4.798890e+00
-4.796233e+00
-4.793364e+00
-4.790284e+00
-4.786992e+00
-4.783488e+00
-4.779772e+00
-4.775843e+00
-4.771700e+00
-4.767345e+00
-4.762775e+00
-4.757992e+00
-4.752995e+00
-4.747783e+00
-4.742356e+00
-4.736714e+00
-4.730857e+00
-4.724784e+00
-4.718496e+00
-4.711992e+00
-4.705272e+00
-4.698335e+00
-4.691182e+00
-4.683812e+00
-4.676226e+00
-4.668422e+00
-4.660401e+00
-4.652163e+00
-4.643708e+00
-4.635035e+00
-4.626145e+00
-4.617037e+00
-4.607711e+00
-4.598167e+00
-4.588406e+00
-4.578426e+00
-4.568229e+00
-4.557813e+00
-4.547180e+00
-4.536328e+00
-4.525259e+00
-4.513971e+00
-4.502465e+00
-4.490742e+00
-4.478800e+00
-4.466640e+00
-4.454263e+00
-4.441668e+00
-4.428855e+00
-4.415824e+00
-4.402576e+00
-4.389111e+00
-4.375428e+00
-4.361528e+00
-4.347411e+00
-4.333077e+00
-4.318527e+00
-4.303760e+00
-4.288776e+00
-4.273577e+00
-4.258162e+00
-4.242530e+00
-4.226684e+00
-4.210622e+00
-4.194345e+00
-4.177853e+00
-4.161147e+00
-4.144226e+00
-4.127092e+00
-4.109744e+00
-4.092182e+00
-4.074408e+00
-4.056421e+00
-4.038222e+00
-4.019810e+00
-4.001187e+00
-3.982353e+00
-3.963307e+00
-3.944052e+00
-3.924586e+00
-3.904910e+00
-3.885025e+00
-3.864932e+00
-3.844630e+00
-3.824120e+00
-3.803402e+00
-3.782478e+00
-3.761347e+00
-3.740010e+00
-3.718468e+00
-3.696720e+00
-3.674768e+00
-3.652612e+00
-3.630253e+00
-3.607691e+00
-3.584927e+00
-3.561961e+00
-3.538794e+00
-3.515426e+00
-3.491859e+00
-3.468092e+00
-3.444127e+00
-3.419963e+00
-3.395603e+00
-3.371045e+00
-3.346292e+00
-3.321343e+00
-3.296200e+00
-3.270863e+00
-3.245332e+00
-3.219609e+00
-3.193695e+00
-3.167589e+00
-3.141293e+00
-3.114807e+00
-3.088133e+00
-3.061271e+00
-3.034221e+00
-3.006985e+00
-2.979564e+00
-2.951958e+00
-2.924168e+00
-2.896195e+00
-2.868039e+00
-2.839703e+00
-2.811186e+00
-2.782489e+00
-2.753614e+00
-2.724561e+00
-2.695331e+00
-2.665925e+00
-2.636343e+00
-2.606588e+00
-2.576660e+00
-2.546560e+00
-2.516288e+00
-2.485846e+00
-2.455235e+00
-2.424455e+00
-2.393508e+00
-2.362395e+00
-2.331117e+00
-2.299675e+00
-2.268070e+00
-2.236302e+00
-2.204373e+00
-2.172285e+00
-2.140038e+00
-2.107632e+00
-2.075071e+00
-2.042353e+00
-2.009481e+00
-1.976456e+00
-1.943279e+00
-1.909950e+00
-1.876472e+00
-1.842845e+00
-1.809071e+00
-1.775150e+00
-1.741084e+00
-1.706873e+00
-1.672521e+00
-1.638026e+00
-1.603391e+00
-1.568617e+00
-1.533706e+00
-1.498657e+00
-1.463473e+00
-1.428155e+00
-1.392705e+00
-1.357122e+00
-1.321410e+00
-1.285568e+00
-1.249599e+00
-1.213503e+00
-1.177283e+00
-1.140938e+00
-1.104472e+00
-1.067884e+00
-1.031177e+00
-9.943512e-01
-9.574086e-01
-9.203505e-01
-8.831783e-01
-8.458933e-01
-8.084968e-01
-7.709905e-01
-7.333755e-01
-6.956535e-01
-6.578257e-01
-6.198936e-01
-5.818588e-01
-5.437225e-01
-5.054864e-01
-4.671518e-01
-4.287202e-01
-3.901931e-01
-3.515720e-01
-3.128584e-01
-2.740538e-01
-2.351596e-01
-1.961774e-01
-1.571088e-01
-1.179552e-01
-7.871816e-02
-3.939925e-02
