0.000000e+00, 6.283185e+00, 100, 0.000000e+00, 0.000000e+00, 30000, 1.000000e-10, 5.000000e+00, 2, -1.340526e+38
-1.080416e-01
-4.811348e-01
-1.675832e+00
-5.331665e+00
-1.618597e+01
-4.773195e+01
-1.379832e+02
-3.931218e+02
-1.107738e+03
-3.094709e+03
-8.587166e+03
-2.369794e+04
-6.511059e+04
-1.782489e+05
-4.865397e+05
-1.324813e+06
-3.600164e+06
-9.767318e+06
-2.646314e+07
-7.161876e+07
-1.936514e+08
-5.232362e+08
-1.412929e+09
-3.813645e+09
-1.028966e+10
-2.775477e+10
-7.484782e+10
-2.018124e+11
-5.440775e+11
-1.466663e+12
-3.953336e+12
-1.065528e+13
-2.871659e+13
-7.738621e+13
-2.085207e+14
-5.617956e+14
-1.513339e+15
-4.075727e+15
-1.097396e+16
-2.953839e+16
-7.947808e+16
-2.137538e+17
-5.745816e+17
-1.543558e+18
-4.143680e+18
-1.111466e+19
-2.978544e+19
-7.973645e+19
-2.132054e+20
-5.693338e+20
-1.518092e+21
-4.041307e+21
-1.073900e+22
-2.848033e+22
-7.536700e+22
-1.989678e+23
-5.239077e+23
-1.375614e+24
-3.600819e+24
-9.394124e+24
-2.441981e+25
-6.323145e+25
-1.630407e+26
-4.184952e+26
-1.068979e+27
-2.716292e+27
-6.863550e+27
-1.723910e+28
-4.302229e+28
-1.066342e+29
-2.623767e+29
-6.405788e+29
-1.551035e+30
-3.722594e+30
-8.851329e+30
-2.083836e+31
-4.854612e+31
-1.118444e+32
-2.546629e+32
-5.726920e+32
-1.271109e+33
-2.782543e+33
-6.003163e+33
-1.275464e+34
-2.666660e+34
-5.481874e+34
-1.107118e+35
-2.194799e+35
-4.267309e+35
-8.129923e+35
-1.516344e+36
-2.766217e+36
-4.931086e+36
-8.581249e+36
-1.456423e+37
-2.408379e+37
-3.876402e+37
-6.066812e+37
-9.223102e+37
-1.340388e+38
