0.000000e+00, 6.283185e+00, 100, 0.000000e+00, 0.000000e+00, 30000, 1.000000e-10, 1.900000e+00, 2, -5.629296e+01
-1.393662e-02
-2.661438e-02
-3.784071e-02
-4.742037e-02
-5.515592e-02
-6.084839e-02
-6.429773e-02
-6.530347e-02
-6.366530e-02
-5.918375e-02
-5.166096e-02
-4.090152e-02
-2.671354e-02
-8.909775e-03
1.269089e-02
3.826181e-02
6.796656e-02
1.019566e-01
1.403685e-01
1.833205e-01
2.309092e-01
2.832045e-01
3.402449e-01
4.020317e-01
4.685221e-01
5.396222e-01
6.151780e-01
6.949666e-01
7.786859e-01
8.659431e-01
9.562432e-01
1.048976e+00
1.143401e+00
1.238637e+00
1.333645e+00
1.427214e+00
1.517951e+00
1.604263e+00
1.684355e+00
1.756213e+00
1.817607e+00
1.866091e+00
1.899009e+00
1.913510e+00
1.906573e+00
1.875045e+00
1.815687e+00
1.725239e+00
1.600498e+00
1.438418e+00
1.236227e+00
9.915631e-01
7.026301e-01
3.683706e-01
-1.134494e-02
-4.355197e-01
-9.018276e-01
-1.406415e+00
-1.943721e+00
-2.506318e+00
-3.084813e+00
-3.667794e+00
-4.241870e+00
-4.791806e+00
-5.300776e+00
-5.750749e+00
-6.123012e+00
-6.398839e+00
-6.560290e+00
-6.591117e+00
-6.477751e+00
-6.210308e+00
-5.783553e+00
-5.197754e+00
-4.459326e+00
-3.581205e+00
-2.582851e+00
-1.489851e+00
-3.330749e-01
8.526012e-01
2.029945e+00
3.161309e+00
4.210710e+00
5.145899e+00
5.940221e+00
6.574112e+00
7.036072e+00
7.323033e+00
7.440076e+00
7.399547e+00
7.219685e+00
6.922897e+00
6.533901e+00
6.077906e+00
5.579016e+00
5.058970e+00
4.536301e+00
4.025911e+00
3.539027e+00
3.475273e+00
