0.000000e+00, 6.283185e+00, 100, 0.000000e+00, 0.000000e+00, 30000, 1.000000e-10, 1.800000e+00, 2, -1.352083e+03
-1.292377e-02
-2.408587e-02
-3.341621e-02
-4.083817e-02
-4.627039e-02
-4.962825e-02
-5.082530e-02
-4.977457e-02
-4.638966e-02
-4.058598e-02
-3.228177e-02
-2.139926e-02
-7.865791e-03
8.384969e-03
2.741173e-02
4.926414e-02
7.398121e-02
1.015895e-01
1.321013e-01
1.655118e-01
2.017975e-01
2.409125e-01
2.827853e-01
3.273161e-01
3.743716e-01
4.237815e-01
4.753334e-01
5.287674e-01
5.837709e-01
6.399723e-01
6.969353e-01
7.541517e-01
8.110358e-01
8.669175e-01
9.210360e-01
9.725345e-01
1.020455e+00
1.063735e+00
1.101204e+00
1.131584e+00
1.153493e+00
1.165445e+00
1.165865e+00
1.153099e+00
1.125430e+00
1.081105e+00
1.018364e+00
9.354734e-01
8.307769e-01
7.027419e-01
5.500220e-01
3.715239e-01
1.664822e-01
-6.546014e-02
-3.241676e-01
-6.089254e-01
-9.183549e-01
-1.250334e+00
-1.601929e+00
-1.969338e+00
-2.347863e+00
-2.731903e+00
-3.114988e+00
-3.489850e+00
-3.848541e+00
-4.182606e+00
-4.483300e+00
-4.741862e+00
-4.949831e+00
-5.099400e+00
-5.183787e+00
-5.197619e+00
-5.137286e+00
-5.001257e+00
-4.790328e+00
-4.507765e+00
-4.159331e+00
-3.753179e+00
-3.299597e+00
-2.810618e+00
-2.299498e+00
-1.780106e+00
-1.266249e+00
-7.709984e-01
-3.060524e-01
1.188069e-01
4.961183e-01
8.209802e-01
1.091108e+00
1.306716e+00
1.470237e+00
1.585931e+00
1.659409e+00
1.697137e+00
1.705956e+00
1.692662e+00
1.663662e+00
1.624733e+00
1.580872e+00
1.811812e+00
