0.000000e+00, 6.283185e+00, 1000, 0.000000e+00, 0.000000e+00, 300000, 1.000000e-10, 3.000000e-01, 300000, 5.409179e-05
3.888429e-05
1.565647e-04
3.530320e-04
6.282706e-04
9.822590e-04
1.414969e-03
1.926367e-03
2.516413e-03
3.185059e-03
3.932253e-03
4.757937e-03
5.662046e-03
6.644507e-03
7.705244e-03
8.844173e-03
1.006120e-02
1.135624e-02
1.272918e-02
1.417992e-02
1.570834e-02
1.731432e-02
1.899773e-02
2.075844e-02
2.259632e-02
2.451121e-02
2.650297e-02
2.857144e-02
3.071646e-02
3.293785e-02
3.523544e-02
3.760904e-02
4.005848e-02
4.258356e-02
4.518408e-02
4.785982e-02
5.061059e-02
5.343616e-02
5.633631e-02
5.931081e-02
6.235943e-02
6.548191e-02
6.867802e-02
7.194751e-02
7.529010e-02
7.870555e-02
8.219357e-02
8.575389e-02
8.938623e-02
9.309029e-02
9.686580e-02
1.007124e-01
1.046299e-01
1.086179e-01
1.126761e-01
1.168041e-01
1.210017e-01
1.252686e-01
1.296043e-01
1.340085e-01
1.384809e-01
1.430211e-01
1.476288e-01
1.523036e-01
1.570451e-01
1.618530e-01
1.667268e-01
1.716661e-01
1.766707e-01
1.817400e-01
1.868736e-01
1.920712e-01
1.973324e-01
2.026567e-01
2.080436e-01
2.134929e-01
2.190039e-01
2.245763e-01
2.302096e-01
2.359034e-01
2.416573e-01
2.474706e-01
2.533431e-01
2.592742e-01
2.652634e-01
2.713102e-01
2.774142e-01
2.835749e-01
2.897917e-01
2.960642e-01
3.023919e-01
3.087742e-01
3.152106e-01
3.217007e-01
3.282438e-01
3.348394e-01
3.414871e-01
3.481862e-01
3.549363e-01
3.617367e-01
3.685870e-01
3.754865e-01
3.824347e-01
3.894310e-01
3.964749e-01
4.035657e-01
4.107030e-01
4.178861e-01
4.251144e-01
4.323873e-01
4.397042e-01
4.470646e-01
4.544678e-01
4.619132e-01
4.694002e-01
4.769282e-01
4.844966e-01
4.921046e-01
4.997518e-01
5.074374e-01
5.151609e-01
5.229216e-01
5.307188e-01
5.385519e-01
5.464202e-01
5.543231e-01
5.622600e-01
5.702301e-01
5.782328e-01
5.862674e-01
5.943333e-01
6.024297e-01
6.105561e-01
6.187116e-01
6.268957e-01
6.351076e-01
6.433466e-01
6.516121e-01
6.599034e-01
6.682196e-01
6.765602e-01
6.849245e-01
6.933116e-01
7.017210e-01
7.101518e-01
7.186034e-01
7.270751e-01
7.355661e-01
7.440756e-01
7.526030e-01
7.611476e-01
7.697085e-01
7.782851e-01
7.868766e-01
7.954822e-01
8.041013e-01
8.127331e-01
8.213767e-01
8.300316e-01
8.386969e-01
8.473718e-01
8.560556e-01
8.647476e-01
8.734470e-01
8.821530e-01
8.908648e-01
8.995818e-01
9.083030e-01
9.170278e-01
9.257553e-01
9.344849e-01
9.432156e-01
9.519468e-01
9.606777e-01
9.694074e-01
9.781353e-01
9.868605e-01
9.955821e-01
1.004300e+00
1.013012e+00
1.021719e+00
1.030418e+00
1.039111e+00
1.047795e+00
1.056471e+00
1.065136e+00
1.073791e+00
1.082435e+00
1.091066e+00
1.099684e+00
1.108289e+00
1.116879e+00
1.125454e+00
1.134012e+00
1.142554e+00
1.151078e+00
1.159583e+00
1.168069e+00
1.176534e+00
1.184979e+00
1.193402e+00
1.201802e+00
1.210179e+00
1.218532e+00
1.226860e+00
1.235162e+00
1.243438e+00
1.251686e+00
1.259906e+00
1.268096e+00
1.276258e+00
1.284388e+00
1.292487e+00
1.300554e+00
1.308588e+00
1.316588e+00
1.324554e+00
1.332484e+00
1.340378e+00
1.348236e+00
1.356055e+00
1.363836e+00
1.371577e+00
1.379278e+00
1.386939e+00
1.394558e+00
1.402134e+00
1.409667e+00
1.417155e+00
1.424599e+00
1.431997e+00
1.439349e+00
1.446654e+00
1.453911e+00
1.461118e+00
1.468277e+00
1.475385e+00
1.482442e+00
1.489447e+00
1.496399e+00
1.503298e+00
1.510143e+00
1.516933e+00
1.523667e+00
1.530345e+00
1.536966e+00
1.543528e+00
1.550032e+00
1.556477e+00
1.562861e+00
1.569184e+00
1.575446e+00
1.581645e+00
1.587781e+00
1.593853e+00
1.599860e+00
1.605802e+00
1.611678e+00
1.617487e+00
1.623229e+00
1.628902e+00
1.634506e+00
1.640041e+00
1.645505e+00
1.650898e+00
1.656219e+00
1.661467e+00
1.666643e+00
1.671744e+00
1.676771e+00
1.681722e+00
1.686598e+00
1.691396e+00
1.696118e+00
1.700761e+00
1.705326e+00
1.709811e+00
1.714216e+00
1.718541e+00
1.722784e+00
1.726945e+00
1.731024e+00
1.735019e+00
1.738930e+00
1.742756e+00
1.746498e+00
1.750153e+00
1.753722e+00
1.757204e+00
1.760598e+00
1.763904e+00
1.767121e+00
1.770248e+00
1.773285e+00
1.776232e+00
1.779087e+00
1.781850e+00
1.784520e+00
1.787098e+00
1.789581e+00
1.791971e+00
1.794266e+00
1.796465e+00
1.798568e+00
1.800575e+00
1.802485e+00
1.804297e+00
1.806012e+00
1.807627e+00
1.809144e+00
1.810560e+00
1.811877e+00
1.813093e+00
1.814207e+00
1.815220e+00
1.816131e+00
1.816939e+00
1.817644e+00
1.818245e+00
1.818742e+00
1.819134e+00
1.819421e+00
1.819603e+00
1.819678e+00
1.819648e+00
1.819510e+00
1.819265e+00
1.818912e+00
1.818452e+00
1.817882e+00
1.817204e+00
1.816416e+00
1.815518e+00
1.814510e+00
1.813392e+00
1.812162e+00
1.810821e+00
1.809369e+00
1.807804e+00
1.806127e+00
1.804337e+00
1.802433e+00
1.800417e+00
1.798286e+00
1.796041e+00
1.793682e+00
1.791208e+00
1.788619e+00
1.785914e+00
1.783094e+00
1.780157e+00
1.777105e+00
1.773935e+00
1.770649e+00
1.767246e+00
1.763725e+00
1.760087e+00
1.756330e+00
1.752456e+00
1.748463e+00
1.744352e+00
1.740122e+00
1.735772e+00
1.731304e+00
1.726716e+00
1.722008e+00
1.717181e+00
1.712234e+00
1.707166e+00
1.701978e+00
1.696670e+00
1.691241e+00
1.685691e+00
1.680020e+00
1.674228e+00
1.668315e+00
1.662281e+00
1.656125e+00
1.649847e+00
1.643448e+00
1.636928e+00
1.630285e+00
1.623521e+00
1.616634e+00
1.609626e+00
1.602495e+00
1.595243e+00
1.587868e+00
1.580371e+00
1.572752e+00
1.565011e+00
1.557147e+00
1.549161e+00
1.541053e+00
1.532822e+00
1.524470e+00
1.515995e+00
1.507398e+00
1.498678e+00
1.489837e+00
1.480874e+00
1.471789e+00
1.462581e+00
1.453252e+00
1.443801e+00
1.434229e+00
1.424535e+00
1.414719e+00
1.404783e+00
1.394724e+00
1.384545e+00
1.374245e+00
1.363824e+00
1.353282e+00
1.342620e+00
1.331837e+00
1.320935e+00
1.309912e+00
1.298769e+00
1.287507e+00
1.276125e+00
1.264624e+00
1.253004e+00
1.241265e+00
1.229408e+00
1.217432e+00
1.205339e+00
1.193127e+00
1.180798e+00
1.168352e+00
1.155788e+00
1.143108e+00
1.130311e+00
1.117398e+00
1.104370e+00
1.091225e+00
1.077966e+00
1.064591e+00
1.051102e+00
1.037499e+00
1.023782e+00
1.009952e+00
9.960080e-01
9.819514e-01
9.677825e-01
9.535015e-01
9.391089e-01
9.246051e-01
9.099905e-01
8.952654e-01
8.804303e-01
8.654857e-01
8.504320e-01
8.352695e-01
8.199989e-01
8.046204e-01
7.891347e-01
7.735421e-01
7.578431e-01
7.420383e-01
7.261281e-01
7.101130e-01
6.939936e-01
6.777703e-01
6.614437e-01
6.450143e-01
6.284826e-01
6.118492e-01
5.951146e-01
5.782794e-01
5.613441e-01
5.443094e-01
5.271758e-01
5.099439e-01
4.926142e-01
4.751875e-01
4.576642e-01
4.400450e-01
4.223305e-01
4.045214e-01
3.866183e-01
3.686217e-01
3.505325e-01
3.323511e-01
3.140784e-01
2.957149e-01
2.772613e-01
2.587183e-01
2.400866e-01
2.213669e-01
2.025599e-01
1.836662e-01
1.646867e-01
1.456220e-01
1.264728e-01
1.072400e-01
8.792410e-02
6.852602e-02
4.904646e-02
2.948617e-02
9.845927e-03
-9.873504e-03
-2.967134e-02
-4.954681e-02
-6.949912e-02
-8.952746e-02
-1.096311e-01
-1.298091e-01
-1.500607e-01
-1.703852e-01
-1.907816e-01
-2.112491e-01
-2.317870e-01
-2.523943e-01
-2.730702e-01
-2.938139e-01
-3.146245e-01
-3.355011e-01
-3.564429e-01
-3.774490e-01
-3.985184e-01
-4.196504e-01
-4.408440e-01
-4.620983e-01
-4.834124e-01
-5.047854e-01
-5.262164e-01
-5.477044e-01
-5.692486e-01
-5.908479e-01
-6.125016e-01
-6.342085e-01
-6.559678e-01
-6.777786e-01
-6.996398e-01
-7.215505e-01
-7.435097e-01
-7.655165e-01
-7.875699e-01
-8.096688e-01
-8.318124e-01
-8.539996e-01
-8.762294e-01
-8.985008e-01
-9.208129e-01
-9.431645e-01
-9.655547e-01
-9.879825e-01
-1.010447e+00
-1.032947e+00
-1.055481e+00
-1.078049e+00
-1.100649e+00
-1.123280e+00
-1.145942e+00
-1.168633e+00
-1.191353e+00
-1.214099e+00
-1.236871e+00
-1.259669e+00
-1.282490e+00
-1.305334e+00
-1.328200e+00
-1.351087e+00
-1.373993e+00
-1.396918e+00
-1.419860e+00
-1.442818e+00
-1.465792e+00
-1.488779e+00
-1.511780e+00
-1.534792e+00
-1.557816e+00
-1.580848e+00
-1.603890e+00
-1.626938e+00
-1.649993e+00
-1.673053e+00
-1.696117e+00
-1.719184e+00
-1.742252e+00
-1.765322e+00
-1.788390e+00
-1.811457e+00
-1.834520e+00
-1.857580e+00
-1.880635e+00
-1.903683e+00
-1.926723e+00
-1.949755e+00
-1.972777e+00
-1.995788e+00
-2.018787e+00
-2.041773e+00
-2.064743e+00
-2.087699e+00
-2.110637e+00
-2.133557e+00
-2.156458e+00
-2.179338e+00
-2.202197e+00
-2.225032e+00
-2.247844e+00
-2.270631e+00
-2.293391e+00
-2.316124e+00
-2.338827e+00
-2.361501e+00
-2.384144e+00
-2.406754e+00
-2.429330e+00
-2.451872e+00
-2.474378e+00
-2.496846e+00
-2.519276e+00
-2.541667e+00
-2.564017e+00
-2.586324e+00
-2.608588e+00
-2.630808e+00
-2.652983e+00
-2.675110e+00
-2.697189e+00
-2.719219e+00
-2.741199e+00
-2.763126e+00
-2.785001e+00
-2.806822e+00
-2.828587e+00
-2.850296e+00
-2.871947e+00
-2.893539e+00
-2.915071e+00
-2.936541e+00
-2.957949e+00
-2.979293e+00
-3.000572e+00
-3.021784e+00
-3.042930e+00
-3.064006e+00
-3.085013e+00
-3.105949e+00
-3.126812e+00
-3.147602e+00
-3.168317e+00
-3.188956e+00
-3.209518e+00
-3.230002e+00
-3.250407e+00
-3.270730e+00
-3.290972e+00
-3.311131e+00
-3.331205e+00
-3.351194e+00
-3.371096e+00
-3.390911e+00
-3.410636e+00
-3.430271e+00
-3.449815e+00
-3.469266e+00
-3.488624e+00
-3.507886e+00
-3.527052e+00
-3.546121e+00
-3.565092e+00
-3.583963e+00
-3.602733e+00
-3.621401e+00
-3.639966e+00
-3.658427e+00
-3.676782e+00
-3.695030e+00
-3.713171e+00
-3.731203e+00
-3.749125e+00
-3.766936e+00
-3.784634e+00
-3.802219e+00
-3.819689e+00
-3.837043e+00
-3.854281e+00
-3.871401e+00
-3.888401e+00
-3.905281e+00
-3.922040e+00
-3.938677e+00
-3.955189e+00
-3.971578e+00
-3.987840e+00
-4.003975e+00
-4.019983e+00
-4.035861e+00
-4.051610e+00
-4.067227e+00
-4.082711e+00
-4.098063e+00
-4.113280e+00
-4.128361e+00
-4.143306e+00
-4.158113e+00
-4.172782e+00
-4.187311e+00
-4.201699e+00
-4.215945e+00
-4.230048e+00
-4.244008e+00
-4.257823e+00
-4.271491e+00
-4.285013e+00
-4.298387e+00
-4.311612e+00
-4.324687e+00
-4.337611e+00
-4.350383e+00
-4.363002e+00
-4.375468e+00
-4.387778e+00
-4.399933e+00
-4.411931e+00
-4.423771e+00
-4.435452e+00
-4.446974e+00
-4.458335e+00
-4.469535e+00
-4.480572e+00
-4.491446e+00
-4.502156e+00
-4.512700e+00
-4.523079e+00
-4.533290e+00
-4.543334e+00
-4.553208e+00
-4.562913e+00
-4.572448e+00
-4.581811e+00
-4.591002e+00
-4.600020e+00
-4.608864e+00
-4.617533e+00
-4.626026e+00
-4.634343e+00
-4.642483e+00
-4.650444e+00
-4.658227e+00
-4.665830e+00
-4.673252e+00
-4.680494e+00
-4.687553e+00
-4.694429e+00
-4.701122e+00
-4.707630e+00
-4.713953e+00
-4.720091e+00
-4.726042e+00
-4.731805e+00
-4.737381e+00
-4.742767e+00
-4.747965e+00
-4.752972e+00
-4.757788e+00
-4.762413e+00
-4.766845e+00
-4.771085e+00
-4.775131e+00
-4.778983e+00
-4.782640e+00
-4.786101e+00
-4.789367e+00
-4.792436e+00
-4.795307e+00
-4.797981e+00
-4.800456e+00
-4.802731e+00
-4.804808e+00
-4.806683e+00
-4.808358e+00
-4.809832e+00
-4.811104e+00
-4.812173e+00
-4.813039e+00
-4.813702e+00
-4.814160e+00
-4.814415e+00
-4.814464e+00
-4.814307e+00
-4.813945e+00
-4.813376e+00
-4.812600e+00
-4.811616e+00
-4.810425e+00
-4.809026e+00
-4.807418e+00
-4.805600e+00
-4.803574e+00
-4.801337e+00
-4.798890e+00
-4.796233e+00
-4.793364e+00
-4.790284e+00
-4.786992e+00
-4.783488e+00
-4.779772e+00
-4.775843e+00
-4.771700e+00
-4.767345e+00
-4.762775e+00
-4.757992e+00
-4.752995e+00
-4.747783e+00
-4.742356e+00
-4.736714e+00
-4.730857e+00
-4.724784e+00
-4.718496e+00
-4.711992e+00
-4.705272e+00
-4.698335e+00
-4.691182e+00
-4.683812e+00
-4.676226e+00
-4.668422e+00
-4.660401e+00
-4.652163e+00
-4.643708e+00
-4.635035e+00
-4.626145e+00
-4.617037e+00
-4.607711e+00
-4.598167e+00
-4.588406e+00
-4.578426e+00
-4.568229e+00
-4.557813e+00
-4.547180e+00
-4.536328e+00
-4.525259e+00
-4.513971e+00
-4.502465e+00
-4.490742e+00
-4.478800e+00
-4.466640e+00
-4.454263e+00
-4.441668e+00
-4.428855e+00
-4.415824e+00
-4.402576e+00
-4.389111e+00
-4.375428e+00
-4.361528e+00
-4.347411e+00
-4.333077e+00
-4.318527e+00
-4.303760e+00
-4.288776e+00
-4.273577e+00
-4.258162e+00
-4.242530e+00
-4.226684e+00
-4.210622e+00
-4.194345e+00
-4.177853e+00
-4.161147e+00
-4.144226e+00
-4.127092e+00
-4.109744e+00
-4.092182e+00
-4.074408e+00
-4.056421e+00
-4.038222e+00
-4.019810e+00
-4.001187e+00
-3.982353e+00
-3.963307e+00
-3.944052e+00
-3.924586e+00
-3.904910e+00
-3.885025e+00
-3.864932e+00
-3.844630e+00
-3.824120e+00
-3.803402e+00
-3.782478e+00
-3.761347e+00
-3.740010e+00
-3.718468e+00
-3.696720e+00
-3.674768e+00
-3.652612e+00
-3.630253e+00
-3.607691e+00
-3.584927e+00
-3.561961e+00
-3.538794e+00
-3.515426e+00
-3.491859e+00
-3.468092e+00
-3.444127e+00
-3.419963e+00
-3.395603e+00
-3.371045e+00
-3.346292e+00
-3.321343e+00
-3.296200e+00
-3.270863e+00
-3.245332e+00
-3.219609e+00
-3.193695e+00
-3.167589e+00
-3.141293e+00
-3.114807e+00
-3.088133e+00
-3.061271e+00
-3.034221e+00
-3.006985e+00
-2.979564e+00
-2.951958e+00
-2.924168e+00
-2.896195e+00
-2.868039e+00
-2.839703e+00
-2.811186e+00
-2.782489e+00
-2.753614e+00
-2.724561e+00
-2.695331e+00
-2.665925e+00
-2.636343e+00
-2.606588e+00
-2.576660e+00
-2.546560e+00
-2.516288e+00
-2.485846e+00
-2.455235e+00
-2.424455e+00
-2.393508e+00
-2.362395e+00
-2.331117e+00
-2.299675e+00
-2.268070e+00
-2.236302e+00
-2.204373e+00
-2.172285e+00
-2.140038e+00
-2.107632e+00
-2.075071e+00
-2.042353e+00
-2.009481e+00
-1.976456e+00
-1.943279e+00
-1.909950e+00
-1.876472e+00
-1.842845e+00
-1.809071e+00
-1.775150e+00
-1.741084e+00
-1.706873e+00
-1.672521e+00
-1.638026e+00
-1.603391e+00
-1.568617e+00
-1.533706e+00
-1.498657e+00
-1.463473e+00
-1.428155e+00
-1.392705e+00
-1.357122e+00
-1.321410e+00
-1.285568e+00
-1.249599e+00
-1.213503e+00
-1.177283e+00
-1.140938e+00
-1.104472e+00
-1.067884e+00
-1.031177e+00
-9.943512e-01
-9.574086e-01
-9.203505e-01
-8.831783e-01
-8.458933e-01
-8.084968e-01
-7.709905e-01
-7.333755e-01
-6.956535e-01
-6.578257e-01
-6.198936e-01
-5.818588e-01
-5.437225e-01
-5.054864e-01
-4.671518e-01
-4.287202e-01
-3.901931e-01
-3.515720e-01
-3.128584e-01
-2.740538e-01
-2.351596e-01
-1.961774e-01
-1.571088e-01
-1.179552e-01
-7.871816e-02
-3.939925e-02
