0.000000e+00, 6.283185e+00, 1000, 0.000000e+00, 0.000000e+00, 300000, 1.000000e-10, 2.000000e-01, 300000, 2.020760e-03
2.053509e-05
1.198686e-04
2.979932e-04
5.548954e-04
8.905553e-04
1.304947e-03
1.798038e-03
2.369791e-03
3.020160e-03
3.749095e-03
4.556538e-03
5.442427e-03
6.406692e-03
7.449257e-03
8.570041e-03
9.768955e-03
1.104591e-02
1.240079e-02
1.383351e-02
1.534394e-02
1.693197e-02
1.859748e-02
2.034032e-02
2.216037e-02
2.405748e-02
2.603151e-02
2.808229e-02
3.020966e-02
3.241346e-02
3.469351e-02
3.704964e-02
3.948165e-02
4.198936e-02
4.457256e-02
4.723106e-02
4.996463e-02
5.277308e-02
5.565617e-02
5.861367e-02
6.164536e-02
6.475099e-02
6.793031e-02
7.118308e-02
7.450904e-02
7.790791e-02
8.137944e-02
8.492335e-02
8.853936e-02
9.222718e-02
9.598651e-02
9.981706e-02
1.037185e-01
1.076906e-01
1.117330e-01
1.158453e-01
1.200272e-01
1.242785e-01
1.285987e-01
1.329876e-01
1.374447e-01
1.419698e-01
1.465624e-01
1.512222e-01
1.559488e-01
1.607419e-01
1.656010e-01
1.705258e-01
1.755158e-01
1.805708e-01
1.856902e-01
1.908736e-01
1.961207e-01
2.014311e-01
2.068042e-01
2.122397e-01
2.177371e-01
2.232960e-01
2.289160e-01
2.345966e-01
2.403372e-01
2.461376e-01
2.519971e-01
2.579154e-01
2.638919e-01
2.699262e-01
2.760178e-01
2.821661e-01
2.883708e-01
2.946312e-01
3.009469e-01
3.073174e-01
3.137422e-01
3.202206e-01
3.267523e-01
3.333367e-01
3.399731e-01
3.466612e-01
3.534004e-01
3.601900e-01
3.670296e-01
3.739185e-01
3.808563e-01
3.878424e-01
3.948761e-01
4.019570e-01
4.090844e-01
4.162577e-01
4.234764e-01
4.307399e-01
4.380475e-01
4.453986e-01
4.527928e-01
4.602293e-01
4.677075e-01
4.752268e-01
4.827867e-01
4.903864e-01
4.980253e-01
5.057028e-01
5.134184e-01
5.211712e-01
5.289607e-01
5.367863e-01
5.446472e-01
5.525428e-01
5.604726e-01
5.684357e-01
5.764315e-01
5.844595e-01
5.925188e-01
6.006088e-01
6.087288e-01
6.168783e-01
6.250563e-01
6.332624e-01
6.414957e-01
6.497556e-01
6.580414e-01
6.663524e-01
6.746878e-01
6.830470e-01
6.914293e-01
6.998339e-01
7.082602e-01
7.167073e-01
7.251746e-01
7.336614e-01
7.421669e-01
7.506904e-01
7.592312e-01
7.677885e-01
7.763616e-01
7.849498e-01
7.935522e-01
8.021682e-01
8.107970e-01
8.194379e-01
8.280901e-01
8.367528e-01
8.454254e-01
8.541070e-01
8.627968e-01
8.714942e-01
8.801984e-01
8.889085e-01
8.976238e-01
9.063436e-01
9.150671e-01
9.237934e-01
9.325219e-01
9.412518e-01
9.499822e-01
9.587124e-01
9.674416e-01
9.761690e-01
9.848939e-01
9.936154e-01
1.002333e+00
1.011045e+00
1.019752e+00
1.028452e+00
1.037145e+00
1.045830e+00
1.054506e+00
1.063173e+00
1.071829e+00
1.080473e+00
1.089106e+00
1.097726e+00
1.106332e+00
1.114923e+00
1.123500e+00
1.132060e+00
1.140604e+00
1.149129e+00
1.157637e+00
1.166125e+00
1.174593e+00
1.183040e+00
1.191466e+00
1.199869e+00
1.208249e+00
1.216604e+00
1.224935e+00
1.233241e+00
1.241519e+00
1.249771e+00
1.257994e+00
1.266189e+00
1.274353e+00
1.282488e+00
1.290591e+00
1.298662e+00
1.306700e+00
1.314704e+00
1.322674e+00
1.330609e+00
1.338507e+00
1.346369e+00
1.354193e+00
1.361979e+00
1.369725e+00
1.377431e+00
1.385097e+00
1.392720e+00
1.400302e+00
1.407840e+00
1.415334e+00
1.422783e+00
1.430187e+00
1.437545e+00
1.444855e+00
1.452117e+00
1.459331e+00
1.466495e+00
1.473609e+00
1.480672e+00
1.487684e+00
1.494642e+00
1.501548e+00
1.508399e+00
1.515195e+00
1.521936e+00
1.528621e+00
1.535248e+00
1.541817e+00
1.548328e+00
1.554779e+00
1.561170e+00
1.567501e+00
1.573769e+00
1.579976e+00
1.586119e+00
1.592198e+00
1.598213e+00
1.604162e+00
1.610045e+00
1.615862e+00
1.621611e+00
1.627292e+00
1.632904e+00
1.638446e+00
1.643918e+00
1.649318e+00
1.654647e+00
1.659904e+00
1.665087e+00
1.670196e+00
1.675231e+00
1.680191e+00
1.685074e+00
1.689881e+00
1.694611e+00
1.699262e+00
1.703835e+00
1.708329e+00
1.712742e+00
1.717075e+00
1.721326e+00
1.725496e+00
1.729583e+00
1.733586e+00
1.737506e+00
1.741341e+00
1.745091e+00
1.748755e+00
1.752333e+00
1.755823e+00
1.759226e+00
1.762540e+00
1.765766e+00
1.768902e+00
1.771948e+00
1.774903e+00
1.777766e+00
1.780538e+00
1.783217e+00
1.785804e+00
1.788296e+00
1.790694e+00
1.792998e+00
1.795206e+00
1.797318e+00
1.799334e+00
1.801253e+00
1.803074e+00
1.804797e+00
1.806421e+00
1.807947e+00
1.809372e+00
1.810698e+00
1.811922e+00
1.813046e+00
1.814067e+00
1.814987e+00
1.815804e+00
1.816517e+00
1.817127e+00
1.817633e+00
1.818034e+00
1.818330e+00
1.818520e+00
1.818605e+00
1.818583e+00
1.818454e+00
1.818218e+00
1.817874e+00
1.817422e+00
1.816861e+00
1.816191e+00
1.815412e+00
1.814523e+00
1.813523e+00
1.812413e+00
1.811193e+00
1.809860e+00
1.808416e+00
1.806860e+00
1.805191e+00
1.803410e+00
1.801515e+00
1.799507e+00
1.797384e+00
1.795148e+00
1.792797e+00
1.790331e+00
1.787750e+00
1.785054e+00
1.782242e+00
1.779314e+00
1.776269e+00
1.773108e+00
1.769830e+00
1.766435e+00
1.762922e+00
1.759292e+00
1.755543e+00
1.751677e+00
1.747692e+00
1.743588e+00
1.739366e+00
1.735025e+00
1.730564e+00
1.725984e+00
1.721284e+00
1.716464e+00
1.711524e+00
1.706464e+00
1.701284e+00
1.695983e+00
1.690562e+00
1.685019e+00
1.679356e+00
1.673571e+00
1.667665e+00
1.661638e+00
1.655490e+00
1.649220e+00
1.642828e+00
1.636314e+00
1.629678e+00
1.622921e+00
1.616042e+00
1.609040e+00
1.601917e+00
1.594671e+00
1.587303e+00
1.579813e+00
1.572200e+00
1.564465e+00
1.556608e+00
1.548629e+00
1.540527e+00
1.532303e+00
1.523957e+00
1.515488e+00
1.506898e+00
1.498185e+00
1.489350e+00
1.480393e+00
1.471313e+00
1.462112e+00
1.452789e+00
1.443344e+00
1.433778e+00
1.424090e+00
1.414280e+00
1.404349e+00
1.394297e+00
1.384123e+00
1.373829e+00
1.363413e+00
1.352877e+00
1.342220e+00
1.331443e+00
1.320546e+00
1.309528e+00
1.298391e+00
1.287134e+00
1.275757e+00
1.264262e+00
1.252647e+00
1.240913e+00
1.229061e+00
1.217090e+00
1.205001e+00
1.192795e+00
1.180470e+00
1.168029e+00
1.155470e+00
1.142794e+00
1.130002e+00
1.117094e+00
1.104070e+00
1.090930e+00
1.077675e+00
1.064305e+00
1.050821e+00
1.037222e+00
1.023509e+00
1.009683e+00
9.957430e-01
9.816906e-01
9.675258e-01
9.532489e-01
9.388603e-01
9.243604e-01
9.097496e-01
8.950284e-01
8.801972e-01
8.652563e-01
8.502063e-01
8.350476e-01
8.197805e-01
8.044057e-01
7.889235e-01
7.733344e-01
7.576389e-01
7.418375e-01
7.259307e-01
7.099190e-01
6.938028e-01
6.775828e-01
6.612594e-01
6.448331e-01
6.283046e-01
6.116743e-01
5.949427e-01
5.781106e-01
5.611783e-01
5.441465e-01
5.270158e-01
5.097867e-01
4.924599e-01
4.750359e-01
4.575153e-01
4.398988e-01
4.221870e-01
4.043805e-01
3.864800e-01
3.684860e-01
3.503993e-01
3.322204e-01
3.139501e-01
2.955890e-01
2.771378e-01
2.585971e-01
2.399677e-01
2.212503e-01
2.024455e-01
1.835541e-01
1.645767e-01
1.455142e-01
1.263671e-01
1.071363e-01
8.782249e-02
6.842641e-02
4.894882e-02
2.939048e-02
9.752154e-03
-9.965392e-03
-2.976138e-02
-4.963502e-02
-6.958553e-02
-8.961211e-02
-1.097140e-01
-1.298903e-01
-1.501402e-01
-1.704630e-01
-1.908578e-01
-2.113238e-01
-2.318601e-01
-2.524658e-01
-2.731403e-01
-2.938825e-01
-3.146916e-01
-3.355668e-01
-3.565071e-01
-3.775118e-01
-3.985799e-01
-4.197105e-01
-4.409028e-01
-4.621558e-01
-4.834686e-01
-5.048404e-01
-5.262701e-01
-5.477569e-01
-5.692999e-01
-5.908981e-01
-6.125506e-01
-6.342565e-01
-6.560147e-01
-6.778244e-01
-6.996845e-01
-7.215942e-01
-7.435524e-01
-7.655582e-01
-7.876106e-01
-8.097086e-01
-8.318512e-01
-8.540375e-01
-8.762664e-01
-8.985370e-01
-9.208481e-01
-9.431989e-01
-9.655883e-01
-9.880153e-01
-1.010479e+00
-1.032978e+00
-1.055511e+00
-1.078078e+00
-1.100678e+00
-1.123309e+00
-1.145970e+00
-1.168660e+00
-1.191379e+00
-1.214124e+00
-1.236896e+00
-1.259693e+00
-1.282514e+00
-1.305357e+00
-1.328223e+00
-1.351109e+00
-1.374014e+00
-1.396938e+00
-1.419880e+00
-1.442838e+00
-1.465811e+00
-1.488798e+00
-1.511798e+00
-1.534810e+00
-1.557833e+00
-1.580865e+00
-1.603906e+00
-1.626954e+00
-1.650009e+00
-1.673068e+00
-1.696132e+00
-1.719198e+00
-1.742266e+00
-1.765335e+00
-1.788403e+00
-1.811469e+00
-1.834533e+00
-1.857592e+00
-1.880646e+00
-1.903694e+00
-1.926734e+00
-1.949766e+00
-1.972788e+00
-1.995798e+00
-2.018797e+00
-2.041782e+00
-2.064753e+00
-2.087707e+00
-2.110645e+00
-2.133565e+00
-2.156466e+00
-2.179346e+00
-2.202204e+00
-2.225040e+00
-2.247852e+00
-2.270638e+00
-2.293398e+00
-2.316130e+00
-2.338834e+00
-2.361507e+00
-2.384150e+00
-2.406760e+00
-2.429336e+00
-2.451878e+00
-2.474383e+00
-2.496851e+00
-2.519281e+00
-2.541672e+00
-2.564021e+00
-2.586329e+00
-2.608593e+00
-2.630813e+00
-2.652987e+00
-2.675114e+00
-2.697193e+00
-2.719223e+00
-2.741202e+00
-2.763130e+00
-2.785005e+00
-2.806825e+00
-2.828590e+00
-2.850299e+00
-2.871950e+00
-2.893542e+00
-2.915073e+00
-2.936544e+00
-2.957951e+00
-2.979295e+00
-3.000574e+00
-3.021787e+00
-3.042932e+00
-3.064008e+00
-3.085015e+00
-3.105951e+00
-3.126814e+00
-3.147604e+00
-3.168319e+00
-3.188958e+00
-3.209520e+00
-3.230004e+00
-3.250408e+00
-3.270732e+00
-3.290973e+00
-3.311132e+00
-3.331207e+00
-3.351195e+00
-3.371098e+00
-3.390912e+00
-3.410637e+00
-3.430273e+00
-3.449816e+00
-3.469267e+00
-3.488625e+00
-3.507887e+00
-3.527053e+00
-3.546122e+00
-3.565093e+00
-3.583964e+00
-3.602734e+00
-3.621402e+00
-3.639967e+00
-3.658427e+00
-3.676783e+00
-3.695031e+00
-3.713172e+00
-3.731204e+00
-3.749126e+00
-3.766936e+00
-3.784635e+00
-3.802219e+00
-3.819690e+00
-3.837044e+00
-3.854282e+00
-3.871401e+00
-3.888402e+00
-3.905282e+00
-3.922041e+00
-3.938677e+00
-3.955190e+00
-3.971578e+00
-3.987840e+00
-4.003976e+00
-4.019983e+00
-4.035862e+00
-4.051610e+00
-4.067227e+00
-4.082712e+00
-4.098063e+00
-4.113280e+00
-4.128361e+00
-4.143306e+00
-4.158113e+00
-4.172782e+00
-4.187311e+00
-4.201699e+00
-4.215945e+00
-4.230049e+00
-4.244008e+00
-4.257823e+00
-4.271491e+00
-4.285013e+00
-4.298387e+00
-4.311612e+00
-4.324687e+00
-4.337611e+00
-4.350383e+00
-4.363003e+00
-4.375468e+00
-4.387778e+00
-4.399933e+00
-4.411931e+00
-4.423771e+00
-4.435453e+00
-4.446974e+00
-4.458336e+00
-4.469535e+00
-4.480573e+00
-4.491446e+00
-4.502156e+00
-4.512701e+00
-4.523079e+00
-4.533290e+00
-4.543334e+00
-4.553208e+00
-4.562913e+00
-4.572448e+00
-4.581811e+00
-4.591002e+00
-4.600020e+00
-4.608864e+00
-4.617533e+00
-4.626026e+00
-4.634343e+00
-4.642483e+00
-4.650444e+00
-4.658227e+00
-4.665830e+00
-4.673252e+00
-4.680494e+00
-4.687553e+00
-4.694429e+00
-4.701122e+00
-4.707630e+00
-4.713953e+00
-4.720091e+00
-4.726042e+00
-4.731805e+00
-4.737381e+00
-4.742767e+00
-4.747965e+00
-4.752972e+00
-4.757788e+00
-4.762413e+00
-4.766845e+00
-4.771085e+00
-4.775131e+00
-4.778983e+00
-4.782640e+00
-4.786101e+00
-4.789367e+00
-4.792436e+00
-4.795307e+00
-4.797981e+00
-4.800456e+00
-4.802731e+00
-4.804808e+00
-4.806683e+00
-4.808358e+00
-4.809832e+00
-4.811104e+00
-4.812173e+00
-4.813039e+00
-4.813702e+00
-4.814160e+00
-4.814415e+00
-4.814464e+00
-4.814307e+00
-4.813945e+00
-4.813376e+00
-4.812600e+00
-4.811616e+00
-4.810425e+00
-4.809026e+00
-4.807418e+00
-4.805600e+00
-4.803574e+00
-4.801337e+00
-4.798890e+00
-4.796233e+00
-4.793364e+00
-4.790284e+00
-4.786992e+00
-4.783488e+00
-4.779772e+00
-4.775843e+00
-4.771700e+00
-4.767345e+00
-4.762775e+00
-4.757992e+00
-4.752995e+00
-4.747783e+00
-4.742356e+00
-4.736714e+00
-4.730857e+00
-4.724784e+00
-4.718496e+00
-4.711992e+00
-4.705272e+00
-4.698335e+00
-4.691182e+00
-4.683812e+00
-4.676226e+00
-4.668422e+00
-4.660401e+00
-4.652163e+00
-4.643708e+00
-4.635035e+00
-4.626145e+00
-4.617037e+00
-4.607711e+00
-4.598167e+00
-4.588406e+00
-4.578426e+00
-4.568229e+00
-4.557813e+00
-4.547180e+00
-4.536328e+00
-4.525259e+00
-4.513971e+00
-4.502465e+00
-4.490742e+00
-4.478800e+00
-4.466640e+00
-4.454263e+00
-4.441668e+00
-4.428855e+00
-4.415824e+00
-4.402576e+00
-4.389111e+00
-4.375428e+00
-4.361528e+00
-4.347411e+00
-4.333077e+00
-4.318527e+00
-4.303760e+00
-4.288776e+00
-4.273577e+00
-4.258162e+00
-4.242530e+00
-4.226684e+00
-4.210622e+00
-4.194345e+00
-4.177853e+00
-4.161147e+00
-4.144226e+00
-4.127092e+00
-4.109744e+00
-4.092182e+00
-4.074408e+00
-4.056421e+00
-4.038222e+00
-4.019810e+00
-4.001187e+00
-3.982353e+00
-3.963307e+00
-3.944052e+00
-3.924586e+00
-3.904910e+00
-3.885025e+00
-3.864932e+00
-3.844630e+00
-3.824120e+00
-3.803402e+00
-3.782478e+00
-3.761347e+00
-3.740010e+00
-3.718468e+00
-3.696720e+00
-3.674768e+00
-3.652612e+00
-3.630253e+00
-3.607691e+00
-3.584927e+00
-3.561961e+00
-3.538794e+00
-3.515426e+00
-3.491859e+00
-3.468092e+00
-3.444127e+00
-3.419963e+00
-3.395603e+00
-3.371045e+00
-3.346292e+00
-3.321343e+00
-3.296200e+00
-3.270863e+00
-3.245332e+00
-3.219609e+00
-3.193695e+00
-3.167589e+00
-3.141293e+00
-3.114807e+00
-3.088133e+00
-3.061271e+00
-3.034221e+00
-3.006985e+00
-2.979564e+00
-2.951958e+00
-2.924168e+00
-2.896195e+00
-2.868039e+00
-2.839703e+00
-2.811186e+00
-2.782489e+00
-2.753614e+00
-2.724561e+00
-2.695331e+00
-2.665925e+00
-2.636343e+00
-2.606588e+00
-2.576660e+00
-2.546560e+00
-2.516288e+00
-2.485846e+00
-2.455235e+00
-2.424455e+00
-2.393508e+00
-2.362395e+00
-2.331117e+00
-2.299675e+00
-2.268070e+00
-2.236302e+00
-2.204373e+00
-2.172285e+00
-2.140038e+00
-2.107632e+00
-2.075071e+00
-2.042353e+00
-2.009481e+00
-1.976456e+00
-1.943279e+00
-1.909950e+00
-1.876472e+00
-1.842845e+00
-1.809071e+00
-1.775150e+00
-1.741084e+00
-1.706873e+00
-1.672521e+00
-1.638026e+00
-1.603391e+00
-1.568617e+00
-1.533706e+00
-1.498657e+00
-1.463473e+00
-1.428155e+00
-1.392705e+00
-1.357122e+00
-1.321410e+00
-1.285568e+00
-1.249599e+00
-1.213503e+00
-1.177283e+00
-1.140938e+00
-1.104472e+00
-1.067884e+00
-1.031177e+00
-9.943512e-01
-9.574086e-01
-9.203505e-01
-8.831783e-01
-8.458933e-01
-8.084968e-01
-7.709905e-01
-7.333755e-01
-6.956535e-01
-6.578257e-01
-6.198936e-01
-5.818588e-01
-5.437225e-01
-5.054864e-01
-4.671518e-01
-4.287202e-01
-3.901931e-01
-3.515720e-01
-3.128584e-01
-2.740538e-01
-2.351596e-01
-1.961774e-01
-1.571088e-01
-1.179552e-01
-7.871816e-02
-3.939925e-02
