0.000000e+00, 6.283185e+00, 100, 0.000000e+00, 0.000000e+00, 30000, 1.000000e-10, 3.000000e-01, 7180, 9.880822e-11
3.859683e-03
1.542944e-02
3.461951e-02
6.128093e-02
9.520639e-02
1.361314e-01
1.837361e-01
2.376465e-01
2.974374e-01
3.626345e-01
4.327170e-01
5.071211e-01
5.852429e-01
6.664424e-01
7.500469e-01
8.353549e-01
9.216409e-01
1.008159e+00
1.094148e+00
1.178836e+00
1.261443e+00
1.341191e+00
1.417301e+00
1.489006e+00
1.555549e+00
1.616192e+00
1.670220e+00
1.716944e+00
1.755706e+00
1.785886e+00
1.806902e+00
1.818217e+00
1.819343e+00
1.809842e+00
1.789332e+00
1.757489e+00
1.714050e+00
1.658815e+00
1.591650e+00
1.512489e+00
1.421333e+00
1.318256e+00
1.203401e+00
1.076982e+00
9.392873e-01
7.906728e-01
6.315668e-01
4.624667e-01
2.839374e-01
9.661002e-02
-9.882055e-02
-3.015982e-01
-5.109085e-01
-7.258820e-01
-9.455978e-01
-1.169087e+00
-1.395339e+00
-1.623302e+00
-1.851892e+00
-2.079995e+00
-2.306472e+00
-2.530168e+00
-2.749913e+00
-2.964530e+00
-3.172842e+00
-3.373674e+00
-3.565863e+00
-3.748262e+00
-3.919746e+00
-4.079219e+00
-4.225619e+00
-4.357924e+00
-4.475158e+00
-4.576395e+00
-4.660768e+00
-4.727471e+00
-4.775765e+00
-4.804982e+00
-4.814531e+00
-4.803901e+00
-4.772665e+00
-4.720484e+00
-4.647108e+00
-4.552383e+00
-4.436248e+00
-4.298741e+00
-4.139999e+00
-3.960259e+00
-3.759858e+00
-3.539232e+00
-3.298921e+00
-3.039562e+00
-2.761889e+00
-2.466735e+00
-2.155024e+00
-1.827774e+00
-1.486089e+00
-1.131159e+00
-7.642527e-01
-3.867207e-01
