0.000000e+00, 6.283185e+00, 100, 0.000000e+00, 0.000000e+00, 30000, 1.000000e-10, -5.000000e+00, 2, -6.603319e+38
2.069081e-01
-9.021877e-01
3.355920e+00
-1.105743e+01
3.455275e+01
-1.039739e+02
3.052703e+02
-8.802502e+02
2.504427e+03
-7.052395e+03
1.969981e+04
-5.467678e+04
1.509744e+05
-4.151325e+05
1.137592e+06
-3.108638e+06
8.475293e+06
-2.306312e+07
6.266241e+07
-1.700371e+08
4.609246e+08
-1.248392e+09
3.378921e+09
-9.140527e+09
2.471612e+10
-6.681078e+10
1.805525e+11
-4.878414e+11
1.317932e+12
-3.560104e+12
9.616094e+12
-2.597215e+13
7.014434e+13
-1.894313e+14
5.115407e+14
-1.381241e+15
3.729127e+15
-1.006650e+16
2.716842e+16
-7.330658e+16
1.977376e+17
-5.331806e+17
1.437033e+18
-3.871069e+18
1.042145e+19
-2.803604e+19
7.536158e+19
-2.023852e+20
5.429366e+20
-1.454801e+21
3.892966e+21
-1.040193e+22
2.774806e+22
-7.388591e+22
1.963453e+23
-5.206241e+23
1.377152e+24
-3.633266e+24
9.558030e+24
-2.506614e+25
6.551490e+25
-1.706105e+26
4.425445e+26
-1.143034e+27
2.938806e+27
-7.518703e+27
1.913455e+28
-4.842078e+28
1.217897e+29
-3.043494e+29
7.553134e+29
-1.860695e+30
4.547869e+30
-1.102319e+31
2.648167e+31
-6.302101e+31
1.484840e+32
-3.461558e+32
7.979833e+32
-1.817897e+33
4.089880e+33
-9.080730e+33
1.988349e+34
-4.290513e+34
9.116831e+34
-1.906166e+35
3.918453e+35
-7.913190e+35
1.568589e+36
-3.049416e+36
5.808931e+36
-1.083335e+37
1.976169e+37
-3.522763e+37
6.131086e+37
-1.040828e+38
1.721856e+38
-2.773170e+38
4.344118e+38
-6.603313e+38
