0.000000e+00, 6.283185e+00, 1000, 0.000000e+00, 0.000000e+00, 300000, 1.000000e-10, 5.000000e+00, 2, -nan
-1.132414e-03
-5.071000e-03
-1.768689e-02
-5.615186e-02
-1.696325e-01
-4.966442e-01
-1.422492e+00
-4.008027e+00
-1.114950e+01
-3.069823e+01
-8.381029e+01
-2.271983e+02
-6.122074e+02
-1.641131e+03
-4.379584e+03
-1.164146e+04
-3.083650e+04
-8.142768e+04
-2.144216e+05
-5.632153e+05
-1.476020e+06
-3.860213e+06
-1.007648e+07
-2.625751e+07
-6.831326e+07
-1.774665e+08
-4.604000e+08
-1.192900e+09
-3.087169e+09
-7.980661e+09
-2.060964e+10
-5.317203e+10
-1.370575e+11
-3.529820e+11
-9.083513e+11
-2.335750e+12
-6.001890e+12
-1.541188e+13
-3.954980e+13
-1.014305e+14
-2.599809e+14
-6.660014e+14
-1.705223e+15
-4.363855e+15
-1.116226e+16
-2.853884e+16
-7.293422e+16
-1.863140e+17
-4.757582e+17
-1.214398e+18
-3.098679e+18
-7.903859e+18
-2.015371e+19
-5.137238e+19
-1.309088e+20
-3.334857e+20
-8.492975e+20
-2.162327e+21
-5.503845e+21
-1.400549e+22
-3.563048e+22
-9.062337e+22
-2.304397e+23
-5.858367e+23
-1.489022e+24
-3.783850e+24
-9.613428e+24
-2.441950e+25
-6.201721e+25
-1.574734e+26
-3.997829e+26
-1.014766e+27
-2.575336e+27
-6.534779e+27
-1.657902e+28
-4.205523e+28
-1.066636e+29
-2.704887e+29
-6.858367e+29
-1.738732e+30
-4.407444e+30
-1.117081e+31
-2.830920e+31
-7.173272e+31
-1.817420e+32
-4.604078e+32
-1.166222e+33
-2.953736e+33
-7.480245e+33
-1.894151e+34
-4.795891e+34
-1.214174e+35
-3.073624e+35
-7.780001e+35
-1.969105e+36
-4.983325e+36
-1.261048e+37
-3.190857e+37
-8.073224e+37
-2.042451e+38
-5.166803e+38
-1.306950e+39
-3.305698e+39
-8.360568e+39
-2.114352e+40
-5.346733e+40
-1.351979e+41
-3.418400e+41
-8.642659e+41
-2.184964e+42
-5.523501e+42
-1.396234e+43
-3.529202e+43
-8.920098e+43
-2.254438e+44
-5.697483e+44
-1.439807e+45
-3.638337e+45
-9.193464e+45
-2.322917e+46
-5.869036e+46
-1.482788e+47
-3.746029e+47
-9.463313e+47
-2.390539e+48
-6.038507e+48
-1.525263e+49
-3.852491e+49
-9.730182e+49
-2.457440e+50
-6.206230e+50
-1.567315e+51
-3.957934e+51
-9.994589e+51
-2.523748e+52
-6.372528e+52
-1.609025e+53
-4.062557e+53
-1.025704e+54
-2.589588e+54
-6.537715e+54
-1.650472e+55
-4.166556e+55
-1.051802e+56
-2.655084e+56
-6.702095e+56
-1.691730e+57
-4.270122e+57
-1.077800e+58
-2.720353e+58
-6.865964e+58
-1.732875e+59
-4.373439e+59
-1.103745e+60
-2.785510e+60
-7.029611e+60
-1.773979e+61
-4.476688e+61
-1.129682e+62
-2.850670e+62
-7.193320e+62
-1.815113e+63
-4.580046e+63
-1.155655e+64
-2.915943e+64
-7.357368e+64
-1.856345e+65
-4.683686e+65
-1.181708e+66
-2.981438e+66
-7.522027e+66
-1.897744e+67
-4.787781e+67
-1.207883e+68
-3.047261e+68
-7.687565e+68
-1.939378e+69
-4.892498e+69
-1.234223e+70
-3.113520e+70
-7.854249e+70
-1.981312e+71
-4.998004e+71
-1.260770e+72
-3.180318e+72
-8.022341e+72
-2.023614e+73
-5.104464e+73
-1.287564e+74
-3.247760e+74
-8.192102e+74
-2.066347e+75
-5.212043e+75
-1.314648e+76
-3.315949e+76
-8.363791e+76
-2.109578e+77
-5.320904e+77
-1.342062e+78
-3.384988e+78
-8.537667e+78
-2.153372e+79
-5.431210e+79
-1.369847e+80
-3.454980e+80
-8.713990e+80
-2.197793e+81
-5.543125e+81
-1.398045e+82
-3.526029e+82
-8.893019e+82
-2.242907e+83
-5.656814e+83
-1.426696e+84
-3.598238e+84
-9.075015e+84
-2.288779e+85
-5.772441e+85
-1.455843e+86
-3.671713e+86
-9.260242e+86
-2.335476e+87
-5.890174e+87
-1.485527e+88
-3.746558e+88
-9.448965e+88
-2.383065e+89
-6.010180e+89
-1.515790e+90
-3.822881e+90
-9.641454e+90
-2.431613e+91
-6.132631e+91
-1.546676e+92
-3.900789e+92
-9.837980e+92
-2.481190e+93
-6.257698e+93
-1.578229e+94
-3.980393e+94
-1.003882e+95
-2.531864e+95
-6.385560e+95
-1.610492e+96
-4.061805e+96
-1.024426e+97
-2.583708e+97
-6.516395e+97
-1.643511e+98
-4.145139e+98
-1.045459e+99
-2.636794e+99
-6.650387e+99
-1.677332e+100
-4.230512e+100
-1.067010e+101
-2.691196e+101
-6.787723e+101
-1.712004e+102
-4.318043e+102
-1.089109e+103
-2.746991e+103
-6.928596e+103
-1.747573e+104
-4.407855e+104
-1.111787e+105
-2.804256e+105
-7.073203e+105
-1.784090e+106
-4.500074e+106
-1.135076e+107
-2.863073e+107
-7.221747e+107
-1.821607e+108
-4.594829e+108
-1.159009e+109
-2.923523e+109
-7.374437e+109
-1.860175e+110
-4.692254e+110
-1.183619e+111
-2.985692e+111
-7.531488e+111
-1.899850e+112
-4.792486e+112
-1.208941e+113
-3.049667e+113
-7.693122e+113
-1.940688e+114
-4.895668e+114
-1.235012e+115
-3.115540e+115
-7.859570e+115
-1.982747e+116
-5.001945e+116
-1.261868e+117
-3.183405e+117
-8.031068e+117
-2.026086e+118
-5.111471e+118
-1.289547e+119
-3.253359e+119
-8.207862e+119
-2.070769e+120
-5.224403e+120
-1.318090e+121
-3.325502e+121
-8.390209e+121
-2.116859e+122
-5.340903e+122
-1.347538e+123
-3.399939e+123
-8.578372e+123
-2.164424e+124
-5.461142e+124
-1.377934e+125
-3.476780e+125
-8.772627e+125
-2.213533e+126
-5.585297e+126
-1.409322e+127
-3.556136e+127
-8.973260e+127
-2.264259e+128
-5.713549e+128
-1.441749e+129
-3.638125e+129
-9.180568e+129
-2.316677e+130
-5.846090e+130
-1.475264e+131
-3.722870e+131
-9.394860e+131
-2.370865e+132
-5.983119e+132
-1.509915e+133
-3.810498e+133
-9.616459e+133
-2.426905e+134
-6.124841e+134
-1.545757e+135
-3.901142e+135
-9.845701e+135
-2.484883e+136
-6.271474e+136
-1.582842e+137
-3.994939e+137
-1.008294e+138
-2.544886e+138
-6.423241e+138
-1.621230e+139
-4.092035e+139
-1.032853e+140
-2.607009e+140
-6.580378e+140
-1.660978e+141
-4.192580e+141
-1.058287e+142
-2.671346e+142
-6.743131e+142
-1.702149e+143
-4.296732e+143
-1.084635e+144
-2.738001e+144
-6.911754e+144
-1.744808e+145
-4.404655e+145
-1.111938e+146
-2.807077e+146
-7.086517e+146
-1.789023e+147
-4.516521e+147
-1.140241e+148
-2.878687e+148
-7.267699e+148
-1.834866e+149
-4.632511e+149
-1.169589e+150
-2.952945e+150
-7.455593e+150
-1.882409e+151
-4.752812e+151
-1.200030e+152
-3.029973e+152
-7.650507e+152
-1.931731e+153
-4.877622e+153
-1.231614e+154
-3.109897e+154
-7.852761e+154
-1.982914e+155
-5.007147e+155
-1.264392e+156
-3.192849e+156
-8.062691e+156
-2.036042e+157
-5.141603e+157
-1.298421e+158
-3.278969e+158
-8.280651e+158
-2.091205e+159
-5.281217e+159
-1.333756e+160
-3.368403e+160
-8.507008e+160
-2.148497e+161
-5.426226e+161
-1.370459e+162
-3.461303e+162
-8.742150e+162
-2.208015e+163
-5.576878e+163
-1.408593e+164
-3.557828e+164
-8.986483e+164
-2.269863e+165
-5.733436e+165
-1.448223e+166
-3.658148e+166
-9.240431e+166
-2.334149e+167
-5.896172e+167
-1.489419e+168
-3.762437e+168
-9.504443e+168
-2.400985e+169
-6.065374e+169
-1.532255e+170
-3.870880e+170
-9.778985e+170
-2.470491e+171
-6.241342e+171
-1.576805e+172
-3.983672e+172
-1.006455e+173
-2.542790e+173
-6.424393e+173
-1.623151e+174
-4.101015e+174
-1.036165e+175
-2.618015e+175
-6.614860e+175
-1.671377e+176
-4.223124e+176
-1.067084e+177
-2.696302e+177
-6.813090e+177
-1.721571e+178
-4.350222e+178
-1.099267e+179
-2.777796e+179
-7.019449e+179
-1.773826e+180
-4.482545e+180
-1.132775e+181
-2.862649e+181
-7.234323e+181
-1.828240e+182
-4.620341e+182
-1.167670e+183
-2.951018e+183
-7.458115e+183
-1.884915e+184
-4.763869e+184
-1.204019e+185
-3.043073e+185
-7.691250e+185
-1.943958e+186
-4.913403e+186
-1.241891e+187
-3.138989e+187
-7.934173e+187
-2.005483e+188
-5.069229e+188
-1.281358e+189
-3.238950e+189
-8.187353e+189
-2.069609e+190
-5.231650e+190
-1.322497e+191
-3.343150e+191
-8.451284e+191
-2.136461e+192
-5.400983e+192
-1.365388e+193
-3.451795e+193
-8.726483e+193
-2.206170e+194
-5.577561e+194
-1.410117e+195
-3.565098e+195
-9.013495e+195
-2.278875e+196
-5.761735e+196
-1.456772e+197
-3.683285e+197
-9.312894e+197
-2.354721e+198
-5.953874e+198
-1.505447e+199
-3.806595e+199
-9.625280e+199
-2.433860e+200
-6.154366e+200
-1.556240e+201
-3.935276e+201
-9.951288e+201
-2.516454e+202
-6.363617e+202
-1.609254e+203
-4.069591e+203
-1.029158e+204
-2.602671e+204
-6.582059e+204
-1.664599e+205
-4.209816e+205
-1.064687e+206
-2.692690e+206
-6.810141e+206
-1.722389e+207
-4.356243e+207
-1.101788e+208
-2.786697e+208
-7.048340e+208
-1.782745e+209
-4.509176e+209
-1.140540e+210
-2.884890e+210
-7.297154e+210
-1.845793e+211
-4.668938e+211
-1.181024e+212
-2.987476e+212
-7.557109e+212
-1.911667e+213
-4.835867e+213
-1.223325e+214
-3.094672e+214
-7.828759e+214
-1.980508e+215
-5.010320e+215
-1.267535e+216
-3.206709e+216
-8.112685e+216
-2.052462e+217
-5.192671e+217
-1.313748e+218
-3.323827e+218
-8.409500e+218
-2.127685e+219
-5.383314e+219
-1.362064e+220
-3.446280e+220
-8.719848e+220
-2.206341e+221
-5.582665e+221
-1.412589e+222
-3.574336e+222
-9.044408e+222
-2.288602e+223
-5.791160e+223
-1.465434e+224
-3.708276e+224
-9.383894e+224
-2.374649e+225
-6.009259e+225
-1.520715e+226
-3.848395e+226
-9.739055e+226
-2.464672e+227
-6.237445e+227
-1.578554e+228
-3.995006e+228
-1.011068e+229
-2.558873e+229
-6.476228e+229
-1.639082e+230
-4.148435e+230
-1.049961e+231
-2.657462e+231
-6.726142e+231
-1.702433e+232
-4.309028e+232
-1.090671e+233
-2.760660e+233
-6.987751e+233
-1.768752e+234
-4.477148e+234
-1.133290e+235
-2.868703e+235
-7.261647e+235
-1.838187e+236
-4.653174e+236
-1.177915e+237
-2.981834e+237
-7.548454e+237
-1.910898e+238
-4.837510e+238
-1.224648e+239
-3.100313e+239
-7.848827e+239
-1.987050e+240
-5.030578e+240
-1.273596e+241
-3.224412e+241
-8.163457e+241
-2.066819e+242
-5.232820e+242
-1.324872e+243
-3.354415e+243
-8.493067e+243
-2.150389e+244
-5.444705e+244
-1.378594e+245
-3.490625e+245
-8.838421e+245
-2.237953e+246
-5.666722e+246
-1.434887e+247
-3.633356e+247
-9.200321e+247
-2.329714e+248
-5.899389e+248
-1.493881e+249
-3.782941e+249
-9.579609e+249
-2.425887e+250
-6.143247e+250
-1.555714e+251
-3.939729e+251
-9.977171e+251
-2.526696e+252
-6.398866e+252
-1.620532e+253
-4.104087e+253
-1.039394e+254
-2.632376e+254
-6.666845e+254
-1.688485e+255
-4.276400e+255
-1.083088e+256
-2.743177e+256
-6.947813e+256
-1.759733e+257
-4.457073e+257
-1.128904e+258
-2.859358e+258
-7.242431e+258
-1.834444e+259
-4.646530e+259
-1.176948e+260
-2.981193e+260
-7.551391e+260
-1.912793e+261
-4.845218e+261
-1.227334e+262
-3.108968e+262
-7.875422e+262
-1.994966e+263
-5.053605e+263
-1.280180e+264
-3.242985e+264
-8.215287e+264
-2.081156e+265
-5.272181e+265
-1.335611e+266
-3.383559e+266
-8.571786e+266
-2.171565e+267
-5.501463e+267
-1.393758e+268
-3.531022e+268
-8.945760e+268
-2.266407e+269
-5.741988e+269
-1.454757e+270
-3.685720e+270
-9.338086e+270
-2.365904e+271
-5.994323e+271
-1.518751e+272
-3.848016e+272
-9.749688e+272
-2.470291e+273
-6.259059e+273
-1.585892e+274
-4.018292e+274
-1.018153e+275
-2.579811e+275
-6.536817e+275
-1.656335e+276
-4.196946e+276
-1.063462e+277
-2.694721e+277
-6.828245e+277
-1.730245e+278
-4.384393e+278
-1.111001e+279
-2.815289e+279
-7.134022e+279
-1.807795e+280
-4.581070e+280
-1.160882e+281
-2.941792e+281
-7.454855e+281
-1.889163e+282
-4.787432e+282
-1.213218e+283
-3.074525e+283
-7.791484e+283
-1.974537e+284
-5.003953e+284
-1.268131e+285
-3.213791e+285
-8.144683e+285
-2.064113e+286
-5.231129e+286
-1.325745e+287
-3.359909e+287
-8.515255e+287
-2.158094e+288
-5.469476e+288
-1.386193e+289
-3.513210e+289
-8.904041e+289
-2.256694e+290
-5.719533e+290
-1.449609e+291
-3.674039e+291
-9.311913e+291
-2.360133e+292
-5.981860e+292
-1.516137e+293
-3.842754e+293
-9.739781e+293
-2.468641e+294
-6.257038e+294
-1.585922e+295
-4.019730e+295
-1.018859e+296
-2.582457e+296
-6.545673e+296
-1.659118e+297
-4.205352e+297
-1.065931e+298
-2.701830e+298
-6.848392e+298
-1.735885e+299
-4.400024e+299
-1.115298e+300
-2.827016e+300
-7.165845e+300
-1.816386e+301
-4.604160e+301
-1.167063e+302
-2.958282e+302
-7.498706e+302
-1.900792e+303
-4.818192e+303
-1.221336e+304
-3.095902e+304
-7.847669e+304
-1.989278e+305
-5.042563e+305
-1.278228e+306
-3.240161e+306
-8.213454e+306
-2.082026e+307
-5.277733e+307
-1.337857e+308
-inf
-inf
-inf
-inf
-inf
-inf
-inf
-inf
-nan
-nan
-nan
-nan
-nan
-nan
-nan
-nan
-nan
-nan
-nan
-nan
-nan
-nan
-nan
-nan
-nan
-nan
-nan
-nan
-nan
-nan
-nan
-nan
-nan
-nan
-nan
-nan
-nan
-nan
-nan
-nan
-nan
-nan
-nan
-nan
-nan
-nan
-nan
-nan
-nan
-nan
-nan
-nan
-nan
-nan
-nan
-nan
-nan
-nan
-nan
-nan
-nan
-nan
-nan
-nan
-nan
-nan
-nan
-nan
-nan
-nan
-nan
-nan
-nan
-nan
-nan
-nan
-nan
-nan
-nan
-nan
-nan
-nan
-nan
-nan
-nan
-nan
-nan
-nan
-nan
-nan
-nan
-nan
-nan
-nan
-nan
-nan
-nan
-nan
-nan
-nan
-nan
-nan
-nan
-nan
-nan
-nan
-nan
-nan
-nan
-nan
-nan
-nan
-nan
-nan
-nan
-nan
-nan
-nan
-nan
-nan
-nan
-nan
-nan
-nan
-nan
-nan
-nan
-nan
-nan
-nan
-nan
-nan
-nan
-nan
-nan
-nan
-nan
-nan
-nan
-nan
-nan
-nan
-nan
-nan
-nan
-nan
-nan
-nan
-nan
-nan
-nan
-nan
-nan
-nan
-nan
-nan
-nan
-nan
-nan
-nan
-nan
-nan
-nan
-nan
-nan
-nan
-nan
-nan
-nan
-nan
-nan
-nan
-nan
-nan
-nan
-nan
-nan
-nan
-nan
-nan
-nan
-nan
-nan
-nan
-nan
-nan
-nan
-nan
-nan
-nan
-nan
-nan
-nan
-nan
-nan
-nan
-nan
-nan
-nan
-nan
-nan
-nan
-nan
-nan
-nan
-nan
-nan
-nan
-nan
-nan
-nan
-nan
-nan
-nan
-nan
-nan
-nan
-nan
-nan
-nan
-nan
-nan
-nan
-nan
-nan
-nan
-nan
-nan
-nan
-nan
