0.000000e+00, 6.283185e+00, 1000, 0.000000e+00, 0.000000e+00, 300000, 1.000000e-10, -5.000000e+00, 2, -nan
2.117617e-03
-9.209450e-03
3.419154e-02
-1.120254e-01
3.478210e-01
-1.037618e+00
3.015723e+00
-8.592545e+00
2.411702e+01
-6.688370e+01
1.836979e+02
-5.004907e+02
1.354414e+03
-3.644194e+03
9.756403e+03
-2.600719e+04
6.906216e+04
-1.827757e+05
4.822663e+05
-1.269053e+06
3.331281e+06
-8.725306e+06
2.280728e+07
-5.950653e+07
1.549958e+08
-4.030854e+08
1.046762e+09
-2.714677e+09
7.031517e+09
-1.819187e+10
4.701503e+10
-1.213828e+11
3.130877e+11
-8.068415e+11
2.077527e+12
-5.345179e+12
1.374213e+13
-3.530530e+13
9.064333e+13
-2.325718e+14
5.963721e+14
-1.528375e+15
3.914771e+15
-1.002209e+16
2.564459e+16
-6.558868e+16
1.676744e+17
-4.284672e+17
1.094434e+18
-2.794413e+18
7.132264e+18
-1.819729e+19
4.641248e+19
-1.183362e+20
3.016206e+20
-7.685463e+20
1.957717e+21
-4.985460e+21
1.269231e+22
-3.230430e+22
8.219940e+22
-2.091073e+23
5.318216e+23
-1.352266e+24
3.437648e+24
-8.737091e+24
2.220146e+25
-5.640380e+25
1.432683e+26
-3.638393e+26
9.238242e+26
-2.345264e+27
5.952771e+27
-1.510685e+28
3.833171e+28
-9.724650e+28
2.466740e+29
-6.256167e+29
1.586465e+30
-4.022463e+30
1.019751e+31
-2.584873e+31
6.551309e+31
-1.660209e+32
4.206727e+32
-1.065797e+33
2.699945e+33
-6.838902e+33
1.732090e+34
-4.386401e+34
1.110711e+35
-2.812227e+35
7.119619e+35
-1.802277e+36
4.561901e+36
-1.154597e+37
2.921977e+37
-7.394103e+37
1.870930e+38
-4.733625e+38
1.197554e+39
-3.029442e+39
7.662967e+39
-1.938201e+40
4.901953e+40
-1.239677e+41
3.134859e+41
-7.926801e+41
2.004238e+42
-5.067252e+42
1.281057e+43
-3.238453e+43
8.186168e+43
-2.069180e+44
5.229871e+44
-1.321781e+45
3.340442e+45
-8.441612e+45
2.133163e+46
-5.390148e+46
1.361933e+47
-3.441037e+47
8.693655e+47
-2.196318e+48
5.548407e+48
-1.401594e+49
3.540438e+49
-8.942799e+49
2.258769e+50
-5.704962e+50
1.440842e+51
-3.638841e+51
9.189532e+51
-2.320639e+52
5.860115e+52
-1.479753e+53
3.736435e+53
-9.434325e+53
2.382045e+54
-6.014160e+54
1.518400e+55
-3.833401e+55
9.677634e+55
-2.443100e+56
6.167382e+56
-1.556855e+57
3.929920e+57
-9.919904e+57
2.503917e+58
-6.320059e+58
1.595187e+59
-4.026163e+59
1.016157e+60
-2.564602e+60
6.472461e+60
-1.633463e+61
4.122299e+61
-1.040305e+62
2.625263e+62
-6.624852e+62
1.671749e+63
-4.218495e+63
1.064476e+64
-2.686002e+64
6.777492e+64
-1.710110e+65
4.314912e+65
-1.088711e+66
2.746921e+66
-6.930635e+66
1.748611e+67
-4.411710e+67
1.113049e+68
-2.808121e+68
7.084532e+68
-1.787314e+69
4.509047e+69
-1.137531e+70
2.869699e+70
-7.239430e+70
1.826280e+71
-4.607077e+71
1.162195e+72
-2.931755e+72
7.395575e+72
-1.865572e+73
4.705955e+73
-1.187079e+74
2.994384e+74
-7.553210e+74
1.905250e+75
-4.805835e+75
1.212222e+76
-3.057683e+76
7.712575e+76
-1.945375e+77
4.906867e+77
-1.237663e+78
3.121748e+78
-7.873913e+78
1.986007e+79
-5.009204e+79
1.263439e+80
-3.186675e+80
8.037464e+80
-2.027208e+81
5.112999e+81
-1.289589e+82
3.252560e+82
-8.203470e+82
2.069038e+83
-5.218404e+83
1.316151e+84
-3.319499e+84
8.372173e+84
-2.111557e+85
5.325573e+85
-1.343164e+86
3.387590e+86
-8.543819e+86
2.154827e+87
-5.434660e+87
1.370666e+88
-3.456931e+88
8.718653e+88
-2.198911e+89
5.545822e+89
-1.398698e+90
3.527621e+90
-8.896925e+90
2.243872e+91
-5.659216e+91
1.427298e+92
-3.599760e+92
9.078889e+92
-2.289772e+93
5.775005e+93
-1.456508e+94
3.673450e+94
-9.264801e+94
2.336677e+95
-5.893350e+95
1.486369e+96
-3.748796e+96
9.454923e+96
-2.384653e+97
6.014418e+97
-1.516922e+98
3.825902e+98
-9.649522e+98
2.433768e+99
-6.138380e+99
1.548210e+100
-3.904877e+100
9.848871e+100
-2.484089e+101
6.265408e+101
-1.580277e+102
3.985832e+102
-1.005325e+103
2.535687e+103
-6.395681e+103
1.613169e+104
-4.068880e+104
1.026294e+105
-2.588636e+105
6.529382e+105
-1.646931e+106
4.154137e+106
-1.047824e+107
2.643008e+107
-6.666697e+107
1.681610e+108
-4.241723e+108
1.069946e+109
-2.698881e+109
6.807820e+109
-1.717256e+110
4.331762e+110
-1.092690e+111
2.756333e+111
-6.952951e+111
1.753919e+112
-4.424380e+112
1.116088e+113
-2.815445e+113
7.102293e+113
-1.791650e+114
4.519710e+114
-1.140174e+115
2.876301e+115
-7.256060e+115
1.830503e+116
-4.617885e+116
1.164981e+117
-2.938989e+117
7.414471e+117
-1.870534e+118
4.719047e+118
-1.190547e+119
3.003597e+119
-7.577753e+119
1.911800e+120
-4.823342e+120
1.216906e+121
-3.070220e+121
7.746141e+121
-1.954361e+122
4.930920e+122
-1.244098e+123
3.138953e+123
-7.919881e+123
1.998279e+124
-5.041937e+124
1.272162e+125
-3.209896e+125
8.099224e+125
-2.043618e+126
5.156556e+126
-1.301139e+127
3.283155e+127
-8.284437e+127
2.090444e+128
-5.274946e+128
1.331072e+129
-3.358836e+129
8.475792e+129
-2.138827e+130
5.397283e+130
-1.362005e+131
3.437054e+131
-8.673575e+131
2.188840e+132
-5.523750e+132
1.393985e+133
-3.517925e+133
8.878083e+133
-2.240557e+134
5.654538e+134
-1.427061e+135
3.601572e+135
-9.089627e+135
2.294058e+136
-5.789845e+136
1.461282e+137
-3.688122e+137
9.308530e+137
-2.349423e+138
5.929880e+138
-1.496701e+139
3.777709e+139
-9.535129e+139
2.406740e+140
-6.074858e+140
1.533373e+141
-3.870472e+141
9.769776e+141
-2.466095e+142
6.225006e+142
-1.571355e+143
3.966555e+143
-1.001284e+144
2.527584e+144
-6.380560e+144
1.610707e+145
-4.066110e+145
1.026470e+146
-2.591304e+146
6.541766e+146
-1.651492e+147
4.169296e+147
-1.052577e+148
2.657355e+148
-6.708884e+148
1.693775e+149
-4.276279e+149
1.079646e+150
-2.725846e+150
6.882182e+150
-1.737625e+151
4.387232e+151
-1.107721e+152
2.796886e+152
-7.061944e+152
1.783112e+153
-4.502338e+153
1.136848e+154
-2.870594e+154
7.248465e+154
-1.830313e+155
4.621785e+155
-1.167076e+156
2.947090e+156
-7.442056e+156
1.879306e+157
-4.745773e+157
1.198455e+158
-3.026504e+158
7.643040e+158
-1.930172e+159
4.874511e+159
-1.231037e+160
3.108970e+160
-7.851758e+160
1.982999e+161
-5.008218e+161
1.264879e+162
-3.194627e+162
8.068567e+162
-2.037876e+163
5.147122e+163
-1.300039e+164
3.283624e+164
-8.293840e+164
2.094899e+165
-5.291464e+165
1.336577e+166
-3.376114e+166
8.527969e+166
-2.154167e+167
5.441497e+167
-1.374557e+168
3.472260e+168
-8.771365e+168
2.215784e+169
-5.597484e+169
1.414046e+170
-3.572233e+170
9.024460e+170
-2.279859e+171
5.759703e+171
-1.455116e+172
3.676210e+172
-9.287707e+172
2.346508e+173
-5.928446e+173
1.497839e+174
-3.784380e+174
9.561581e+174
-2.415851e+175
6.104018e+175
-1.542293e+176
3.896938e+176
-9.846580e+176
2.488014e+177
-6.286740e+177
1.588560e+178
-4.014091e+178
1.014323e+179
-2.563130e+179
6.476950e+179
-1.636725e+180
4.136057e+180
-1.045208e+181
2.641340e+181
-6.675002e+181
1.686879e+182
-4.263064e+182
1.077371e+183
-2.722790e+183
6.881267e+183
-1.739115e+184
4.395350e+184
-1.110872e+185
2.807633e+185
-7.096137e+185
1.793532e+186
-4.533167e+186
1.145776e+187
-2.896032e+187
7.320023e+187
-1.850235e+188
4.676781e+188
-1.182150e+189
2.988158e+189
-7.553356e+189
1.909334e+190
-4.826468e+190
1.220063e+191
-3.084188e+191
7.796591e+191
-1.970944e+192
4.982521e+192
-1.259591e+193
3.184311e+193
-8.050205e+193
2.035185e+194
-5.145248e+194
1.300811e+195
-3.288726e+195
8.314700e+195
-2.102185e+196
5.314971e+196
-1.343805e+197
3.397639e+197
-8.590603e+197
2.172079e+198
-5.492030e+198
1.388660e+199
-3.511270e+199
8.878469e+199
-2.245006e+200
5.676783e+200
-1.435465e+201
3.629848e+201
-9.178882e+201
2.321115e+202
-5.869605e+202
1.484317e+203
-3.753616e+203
9.492457e+203
-2.400561e+204
6.070892e+204
-1.535316e+205
3.882829e+205
-9.819838e+205
2.483510e+206
-6.281059e+206
1.588566e+207
-4.017753e+207
1.016171e+208
-2.570132e+208
6.500545e+208
-1.644180e+209
4.158672e+209
-1.051878e+210
2.660610e+210
-6.729809e+210
1.702275e+211
-4.305880e+211
1.089180e+212
-2.755135e+212
6.969336e+212
-1.762972e+213
4.459691e+213
-1.128157e+214
2.853907e+214
-7.219637e+214
1.826402e+215
-4.620433e+215
1.168892e+216
-2.957137e+216
7.481246e+216
-1.892700e+217
4.788450e+217
-1.211472e+218
3.065049e+218
-7.754729e+218
1.962010e+219
-4.964107e+219
1.255991e+220
-3.177876e+220
8.040680e+220
-2.034483e+221
5.147786e+221
-1.302544e+222
3.295864e+222
-8.339724e+222
2.110276e+223
-5.339889e+223
1.351234e+224
-3.419274e+224
8.652519e+224
-2.189558e+225
5.540841e+225
-1.402168e+226
3.548377e+226
-8.979756e+226
2.272504e+227
-5.751086e+227
1.455460e+228
-3.683460e+228
9.322166e+228
-2.359298e+229
5.971095e+229
-1.511229e+230
3.824827e+230
-9.680513e+230
2.450136e+231
-6.201361e+231
1.569600e+232
-3.972794e+232
1.005561e+233
-2.545221e+233
6.442402e+233
-1.630704e+234
4.127696e+234
-1.044829e+235
2.644770e+235
-6.694767e+235
1.694682e+236
-4.289886e+236
1.085946e+237
-2.749008e+237
6.959029e+237
-1.761677e+238
4.459733e+238
-1.129006e+239
2.858175e+239
-7.235794e+239
1.831844e+240
-4.637626e+240
1.174107e+241
-2.972520e+241
7.525697e+241
-1.905344e+242
4.823975e+242
-1.221354e+243
3.092309e+243
-7.829408e+243
1.982348e+244
-5.019212e+244
1.270855e+245
-3.217817e+245
8.147631e+245
-2.063033e+246
5.223789e+246
-1.322726e+247
3.349337e+247
-8.481105e+247
2.147587e+248
-5.438182e+248
1.377087e+249
-3.487174e+249
8.830607e+249
-2.236208e+250
5.662892e+250
-1.434065e+251
3.631653e+251
-9.196957e+251
2.329102e+252
-5.898445e+252
1.493795e+253
-3.783110e+253
9.581012e+253
-2.426489e+254
6.145393e+254
-1.556415e+255
3.941902e+255
-9.983675e+255
2.528596e+256
-6.404319e+256
1.622074e+257
-4.108402e+257
1.040589e+258
-2.635665e+258
6.675831e+258
-1.690927e+259
4.283003e+259
-1.084867e+260
2.747948e+260
-6.960571e+260
1.763134e+261
-4.466118e+261
1.131303e+262
-2.865709e+262
7.259210e+262
-1.838868e+263
4.658178e+263
-1.180010e+264
2.989228e+264
-7.572454e+264
1.918307e+265
-4.859637e+265
1.231100e+266
-3.118796e+266
7.901043e+266
-2.001639e+267
5.070971e+267
-1.284696e+268
3.254718e+268
-8.245753e+268
2.089061e+269
-5.292679e+269
1.340923e+270
-3.397316e+270
8.607397e+270
-2.180778e+271
5.525285e+271
-1.399915e+272
3.546926e+272
-8.986828e+272
2.277007e+273
-5.769334e+273
1.461809e+274
-3.703900e+274
9.384938e+274
-2.377973e+275
6.025403e+275
-1.526752e+276
3.868607e+276
-9.802660e+276
2.483915e+277
-6.294089e+277
1.594896e+278
-4.041431e+278
1.024097e+279
-2.595079e+279
6.576021e+279
-1.666399e+280
4.222776e+280
-1.070090e+281
2.711725e+281
-6.871856e+281
1.741428e+282
-4.413064e+282
1.118350e+283
-2.834122e+283
7.182278e+283
-1.820157e+284
4.612734e+284
-1.168990e+285
2.962554e+285
-7.508003e+285
1.902766e+286
-4.822245e+286
1.222126e+287
-3.097314e+287
7.849777e+287
-1.989446e+288
5.042077e+288
-1.277878e+289
3.238711e+289
-8.208379e+289
2.080392e+290
-5.272729e+290
1.336375e+291
-3.387064e+291
8.584619e+291
-2.175810e+292
5.514719e+292
-1.397746e+293
3.542706e+293
-8.979340e+293
2.275914e+294
-5.768589e+294
1.462128e+295
-3.705984e+295
9.393418e+295
-2.380926e+296
6.034900e+296
-1.529665e+297
3.877257e+297
-9.827764e+297
2.491075e+298
-6.314235e+298
1.600503e+299
-4.056898e+299
1.028332e+300
-2.606601e+300
6.607198e+300
-1.674795e+301
4.245294e+301
-1.076107e+302
2.727751e+302
-6.914415e+302
1.752700e+303
-4.442846e+303
1.126202e+304
-2.854781e+304
7.236533e+304
-1.834381e+305
4.649968e+305
-1.178722e+306
2.987956e+306
-7.574222e+306
1.920008e+307
-4.867086e+307
1.233775e+308
-inf
inf
-inf
inf
-inf
inf
-inf
inf
-inf
inf
-inf
inf
-inf
inf
-inf
inf
-inf
inf
-inf
inf
-inf
inf
-inf
inf
-inf
inf
-inf
inf
-inf
inf
-inf
inf
-inf
inf
-inf
inf
-inf
inf
-inf
inf
-inf
inf
-inf
inf
-inf
inf
-inf
inf
-inf
inf
-inf
inf
-inf
inf
-inf
inf
-inf
inf
-inf
inf
-inf
inf
-inf
inf
-inf
inf
-inf
inf
-inf
inf
-inf
inf
-inf
inf
-inf
inf
-inf
inf
-inf
inf
-inf
inf
-inf
inf
-inf
inf
-inf
inf
-inf
inf
-inf
inf
-inf
inf
-inf
inf
-inf
inf
-inf
inf
-inf
inf
-inf
inf
-inf
inf
-inf
inf
-inf
inf
-inf
inf
-inf
inf
-inf
inf
-inf
inf
-inf
inf
-inf
inf
-inf
inf
-inf
inf
-inf
inf
-inf
inf
-inf
inf
-inf
inf
-inf
inf
-inf
inf
-inf
inf
-inf
inf
-inf
inf
-inf
inf
-inf
inf
-inf
inf
-inf
inf
-inf
inf
-inf
inf
-inf
inf
-inf
inf
-inf
inf
-inf
inf
-inf
inf
-inf
inf
-inf
inf
-inf
inf
-inf
inf
-inf
inf
-inf
inf
-inf
inf
-inf
inf
-inf
inf
-inf
inf
-inf
inf
-inf
inf
-inf
inf
-inf
inf
-inf
inf
-inf
inf
-inf
inf
-inf
inf
-inf
inf
-inf
inf
-inf
inf
-inf
inf
-inf
inf
-inf
inf
-inf
inf
-inf
inf
-inf
inf
-inf
inf
-inf
inf
-inf
inf
-inf
inf
-inf
inf
-inf
