0.000000e+00, 6.283185e+00, 1000, 0.000000e+00, 0.000000e+00, 300000, 1.000000e-10, 1.900000e+00, 6372, 9.805517e-11
3.938894e-05
1.575739e-04
3.545457e-04
6.302886e-04
9.847810e-04
1.417995e-03
1.929896e-03
2.520445e-03
3.189594e-03
3.937291e-03
4.763476e-03
5.668085e-03
6.651047e-03
7.712284e-03
8.851711e-03
1.006924e-02
1.136478e-02
1.273821e-02
1.418945e-02
1.571836e-02
1.732483e-02
1.900874e-02
2.076994e-02
2.260831e-02
2.452369e-02
2.651594e-02
2.858489e-02
3.073039e-02
3.295226e-02
3.525034e-02
3.762443e-02
4.007434e-02
4.259990e-02
4.520089e-02
4.787711e-02
5.062835e-02
5.345439e-02
5.635501e-02
5.932998e-02
6.237906e-02
6.550201e-02
6.869858e-02
7.196852e-02
7.531158e-02
7.872748e-02
8.221595e-02
8.577672e-02
8.940951e-02
9.311402e-02
9.688997e-02
1.007370e-01
1.046550e-01
1.086434e-01
1.127020e-01
1.168305e-01
1.210285e-01
1.252958e-01
1.296319e-01
1.340366e-01
1.385094e-01
1.430500e-01
1.476581e-01
1.523333e-01
1.570753e-01
1.618835e-01
1.667577e-01
1.716975e-01
1.767024e-01
1.817721e-01
1.869062e-01
1.921042e-01
1.973657e-01
2.026904e-01
2.080777e-01
2.135273e-01
2.190387e-01
2.246115e-01
2.302452e-01
2.359394e-01
2.416935e-01
2.475073e-01
2.533801e-01
2.593115e-01
2.653011e-01
2.713482e-01
2.774526e-01
2.836136e-01
2.898308e-01
2.961036e-01
3.024316e-01
3.088142e-01
3.152510e-01
3.217413e-01
3.282848e-01
3.348807e-01
3.415287e-01
3.482281e-01
3.549785e-01
3.617792e-01
3.686298e-01
3.755296e-01
3.824780e-01
3.894747e-01
3.965188e-01
4.036100e-01
4.107475e-01
4.179308e-01
4.251594e-01
4.324325e-01
4.397498e-01
4.471104e-01
4.545138e-01
4.619595e-01
4.694467e-01
4.769750e-01
4.845435e-01
4.921518e-01
4.997992e-01
5.074851e-01
5.152088e-01
5.229697e-01
5.307671e-01
5.386004e-01
5.464689e-01
5.543720e-01
5.623091e-01
5.702794e-01
5.782822e-01
5.863171e-01
5.943831e-01
6.024797e-01
6.106062e-01
6.187620e-01
6.269462e-01
6.351583e-01
6.433975e-01
6.516631e-01
6.599545e-01
6.682709e-01
6.766117e-01
6.849761e-01
6.933633e-01
7.017728e-01
7.102038e-01
7.186555e-01
7.271273e-01
7.356184e-01
7.441280e-01
7.526555e-01
7.612002e-01
7.697612e-01
7.783379e-01
7.869295e-01
7.955352e-01
8.041544e-01
8.127862e-01
8.214300e-01
8.300849e-01
8.387502e-01
8.474252e-01
8.561092e-01
8.648012e-01
8.735006e-01
8.822067e-01
8.909185e-01
8.996355e-01
9.083568e-01
9.170816e-01
9.258092e-01
9.345388e-01
9.432695e-01
9.520008e-01
9.607317e-01
9.694614e-01
9.781893e-01
9.869144e-01
9.956361e-01
1.004354e+00
1.013066e+00
1.021772e+00
1.030472e+00
1.039165e+00
1.047849e+00
1.056524e+00
1.065190e+00
1.073845e+00
1.082488e+00
1.091120e+00
1.099738e+00
1.108343e+00
1.116933e+00
1.125507e+00
1.134066e+00
1.142607e+00
1.151131e+00
1.159636e+00
1.168122e+00
1.176588e+00
1.185032e+00
1.193455e+00
1.201855e+00
1.210232e+00
1.218585e+00
1.226913e+00
1.235215e+00
1.243490e+00
1.251738e+00
1.259958e+00
1.268149e+00
1.276310e+00
1.284440e+00
1.292539e+00
1.300606e+00
1.308640e+00
1.316640e+00
1.324606e+00
1.332536e+00
1.340430e+00
1.348287e+00
1.356106e+00
1.363887e+00
1.371628e+00
1.379329e+00
1.386989e+00
1.394608e+00
1.402184e+00
1.409717e+00
1.417205e+00
1.424649e+00
1.432047e+00
1.439399e+00
1.446703e+00
1.453960e+00
1.461167e+00
1.468326e+00
1.475433e+00
1.482490e+00
1.489495e+00
1.496447e+00
1.503346e+00
1.510191e+00
1.516981e+00
1.523715e+00
1.530392e+00
1.537013e+00
1.543575e+00
1.550079e+00
1.556523e+00
1.562907e+00
1.569230e+00
1.575492e+00
1.581691e+00
1.587826e+00
1.593898e+00
1.599905e+00
1.605847e+00
1.611723e+00
1.617532e+00
1.623273e+00
1.628946e+00
1.634550e+00
1.640084e+00
1.645548e+00
1.650941e+00
1.656262e+00
1.661510e+00
1.666685e+00
1.671786e+00
1.676813e+00
1.681764e+00
1.686639e+00
1.691438e+00
1.696159e+00
1.700802e+00
1.705367e+00
1.709852e+00
1.714257e+00
1.718581e+00
1.722824e+00
1.726985e+00
1.731063e+00
1.735058e+00
1.738969e+00
1.742795e+00
1.746536e+00
1.750192e+00
1.753760e+00
1.757242e+00
1.760636e+00
1.763941e+00
1.767158e+00
1.770285e+00
1.773322e+00
1.776268e+00
1.779123e+00
1.781886e+00
1.784556e+00
1.787133e+00
1.789617e+00
1.792006e+00
1.794300e+00
1.796499e+00
1.798603e+00
1.800609e+00
1.802519e+00
1.804331e+00
1.806045e+00
1.807660e+00
1.809176e+00
1.810593e+00
1.811909e+00
1.813125e+00
1.814239e+00
1.815252e+00
1.816162e+00
1.816970e+00
1.817674e+00
1.818275e+00
1.818772e+00
1.819164e+00
1.819451e+00
1.819632e+00
1.819708e+00
1.819677e+00
1.819539e+00
1.819294e+00
1.818941e+00
1.818480e+00
1.817910e+00
1.817231e+00
1.816443e+00
1.815545e+00
1.814537e+00
1.813418e+00
1.812189e+00
1.810847e+00
1.809395e+00
1.807830e+00
1.806152e+00
1.804362e+00
1.802458e+00
1.800442e+00
1.798311e+00
1.796066e+00
1.793706e+00
1.791232e+00
1.788642e+00
1.785938e+00
1.783117e+00
1.780180e+00
1.777127e+00
1.773958e+00
1.770671e+00
1.767268e+00
1.763747e+00
1.760108e+00
1.756352e+00
1.752477e+00
1.748484e+00
1.744373e+00
1.740142e+00
1.735793e+00
1.731324e+00
1.726736e+00
1.722028e+00
1.717201e+00
1.712253e+00
1.707185e+00
1.701997e+00
1.696689e+00
1.691259e+00
1.685709e+00
1.680038e+00
1.674246e+00
1.668333e+00
1.662298e+00
1.656142e+00
1.649865e+00
1.643465e+00
1.636944e+00
1.630302e+00
1.623537e+00
1.616651e+00
1.609642e+00
1.602511e+00
1.595258e+00
1.587884e+00
1.580386e+00
1.572767e+00
1.565025e+00
1.557162e+00
1.549175e+00
1.541067e+00
1.532836e+00
1.524484e+00
1.516009e+00
1.507411e+00
1.498692e+00
1.489851e+00
1.480887e+00
1.471802e+00
1.462594e+00
1.453265e+00
1.443814e+00
1.434241e+00
1.424547e+00
1.414731e+00
1.404794e+00
1.394736e+00
1.384557e+00
1.374256e+00
1.363835e+00
1.353293e+00
1.342631e+00
1.331848e+00
1.320945e+00
1.309922e+00
1.298780e+00
1.287517e+00
1.276135e+00
1.264634e+00
1.253014e+00
1.241275e+00
1.229418e+00
1.217442e+00
1.205348e+00
1.193136e+00
1.180807e+00
1.168360e+00
1.155797e+00
1.143116e+00
1.130320e+00
1.117407e+00
1.104378e+00
1.091233e+00
1.077974e+00
1.064599e+00
1.051110e+00
1.037507e+00
1.023790e+00
1.009959e+00
9.960152e-01
9.819586e-01
9.677895e-01
9.535084e-01
9.391157e-01
9.246118e-01
9.099970e-01
8.952719e-01
8.804367e-01
8.654920e-01
8.504381e-01
8.352756e-01
8.200048e-01
8.046263e-01
7.891404e-01
7.735477e-01
7.578487e-01
7.420438e-01
7.261335e-01
7.101183e-01
6.939988e-01
6.777754e-01
6.614487e-01
6.450192e-01
6.284874e-01
6.118539e-01
5.951193e-01
5.782840e-01
5.613487e-01
5.443139e-01
5.271802e-01
5.099482e-01
4.926184e-01
4.751916e-01
4.576682e-01
4.400490e-01
4.223344e-01
4.045252e-01
3.866220e-01
3.686254e-01
3.505361e-01
3.323547e-01
3.140819e-01
2.957183e-01
2.772646e-01
2.587216e-01
2.400898e-01
2.213701e-01
2.025630e-01
1.836693e-01
1.646897e-01
1.456249e-01
1.264757e-01
1.072428e-01
8.792688e-02
6.852874e-02
4.904912e-02
2.948878e-02
9.848485e-03
-9.870997e-03
-2.966889e-02
-4.954441e-02
-6.949676e-02
-8.952515e-02
-1.096288e-01
-1.298069e-01
-1.500585e-01
-1.703830e-01
-1.907795e-01
-2.112471e-01
-2.317850e-01
-2.523924e-01
-2.730683e-01
-2.938121e-01
-3.146227e-01
-3.354994e-01
-3.564412e-01
-3.774473e-01
-3.985168e-01
-4.196488e-01
-4.408424e-01
-4.620967e-01
-4.834108e-01
-5.047839e-01
-5.262149e-01
-5.477030e-01
-5.692472e-01
-5.908466e-01
-6.125002e-01
-6.342072e-01
-6.559666e-01
-6.777773e-01
-6.996386e-01
-7.215493e-01
-7.435086e-01
-7.655154e-01
-7.875688e-01
-8.096678e-01
-8.318114e-01
-8.539986e-01
-8.762284e-01
-8.984999e-01
-9.208119e-01
-9.431636e-01
-9.655538e-01
-9.879816e-01
-1.010446e+00
-1.032946e+00
-1.055480e+00
-1.078048e+00
-1.100648e+00
-1.123280e+00
-1.145941e+00
-1.168633e+00
-1.191352e+00
-1.214098e+00
-1.236871e+00
-1.259668e+00
-1.282489e+00
-1.305334e+00
-1.328200e+00
-1.351086e+00
-1.373992e+00
-1.396917e+00
-1.419859e+00
-1.442818e+00
-1.465791e+00
-1.488779e+00
-1.511779e+00
-1.534792e+00
-1.557815e+00
-1.580848e+00
-1.603889e+00
-1.626938e+00
-1.649993e+00
-1.673053e+00
-1.696117e+00
-1.719184e+00
-1.742252e+00
-1.765321e+00
-1.788390e+00
-1.811456e+00
-1.834520e+00
-1.857580e+00
-1.880634e+00
-1.903683e+00
-1.926723e+00
-1.949755e+00
-1.972777e+00
-1.995788e+00
-2.018787e+00
-2.041772e+00
-2.064743e+00
-2.087698e+00
-2.110636e+00
-2.133557e+00
-2.156457e+00
-2.179338e+00
-2.202196e+00
-2.225032e+00
-2.247844e+00
-2.270631e+00
-2.293391e+00
-2.316123e+00
-2.338827e+00
-2.361501e+00
-2.384144e+00
-2.406754e+00
-2.429330e+00
-2.451872e+00
-2.474378e+00
-2.496846e+00
-2.519276e+00
-2.541667e+00
-2.564016e+00
-2.586324e+00
-2.608588e+00
-2.630808e+00
-2.652982e+00
-2.675110e+00
-2.697189e+00
-2.719219e+00
-2.741199e+00
-2.763126e+00
-2.785001e+00
-2.806822e+00
-2.828587e+00
-2.850296e+00
-2.871947e+00
-2.893539e+00
-2.915071e+00
-2.936541e+00
-2.957949e+00
-2.979293e+00
-3.000572e+00
-3.021784e+00
-3.042930e+00
-3.064006e+00
-3.085013e+00
-3.105949e+00
-3.126812e+00
-3.147602e+00
-3.168317e+00
-3.188956e+00
-3.209518e+00
-3.230002e+00
-3.250407e+00
-3.270730e+00
-3.290972e+00
-3.311131e+00
-3.331205e+00
-3.351194e+00
-3.371096e+00
-3.390911e+00
-3.410636e+00
-3.430271e+00
-3.449815e+00
-3.469266e+00
-3.488624e+00
-3.507886e+00
-3.527052e+00
-3.546121e+00
-3.565092e+00
-3.583963e+00
-3.602733e+00
-3.621401e+00
-3.639966e+00
-3.658427e+00
-3.676782e+00
-3.695030e+00
-3.713171e+00
-3.731203e+00
-3.749125e+00
-3.766936e+00
-3.784634e+00
-3.802219e+00
-3.819689e+00
-3.837043e+00
-3.854281e+00
-3.871401e+00
-3.888401e+00
-3.905281e+00
-3.922040e+00
-3.938677e+00
-3.955189e+00
-3.971578e+00
-3.987840e+00
-4.003975e+00
-4.019983e+00
-4.035861e+00
-4.051610e+00
-4.067227e+00
-4.082711e+00
-4.098063e+00
-4.113280e+00
-4.128361e+00
-4.143306e+00
-4.158113e+00
-4.172782e+00
-4.187311e+00
-4.201699e+00
-4.215945e+00
-4.230048e+00
-4.244008e+00
-4.257823e+00
-4.271491e+00
-4.285013e+00
-4.298387e+00
-4.311612e+00
-4.324687e+00
-4.337611e+00
-4.350383e+00
-4.363002e+00
-4.375468e+00
-4.387778e+00
-4.399933e+00
-4.411931e+00
-4.423771e+00
-4.435452e+00
-4.446974e+00
-4.458335e+00
-4.469535e+00
-4.480572e+00
-4.491446e+00
-4.502156e+00
-4.512700e+00
-4.523079e+00
-4.533290e+00
-4.543334e+00
-4.553208e+00
-4.562913e+00
-4.572448e+00
-4.581811e+00
-4.591002e+00
-4.600020e+00
-4.608864e+00
-4.617533e+00
-4.626026e+00
-4.634343e+00
-4.642483e+00
-4.650444e+00
-4.658227e+00
-4.665830e+00
-4.673252e+00
-4.680494e+00
-4.687553e+00
-4.694429e+00
-4.701122e+00
-4.707630e+00
-4.713953e+00
-4.720091e+00
-4.726042e+00
-4.731805e+00
-4.737381e+00
-4.742767e+00
-4.747965e+00
-4.752972e+00
-4.757788e+00
-4.762413e+00
-4.766845e+00
-4.771085e+00
-4.775131e+00
-4.778983e+00
-4.782640e+00
-4.786101e+00
-4.789367e+00
-4.792436e+00
-4.795307e+00
-4.797981e+00
-4.800456e+00
-4.802731e+00
-4.804808e+00
-4.806683e+00
-4.808358e+00
-4.809832e+00
-4.811104e+00
-4.812173e+00
-4.813039e+00
-4.813702e+00
-4.814160e+00
-4.814415e+00
-4.814464e+00
-4.814307e+00
-4.813945e+00
-4.813376e+00
-4.812600e+00
-4.811616e+00
-4.810425e+00
-4.809026e+00
-4.807418e+00
-4.805600e+00
-4.803574e+00
-4.801337e+00
-4.798890e+00
-4.796233e+00
-4.793364e+00
-4.790284e+00
-4.786992e+00
-4.783488e+00
-4.779772e+00
-4.775843e+00
-4.771700e+00
-4.767345e+00
-4.762775e+00
-4.757992e+00
-4.752995e+00
-4.747783e+00
-4.742356e+00
-4.736714e+00
-4.730857e+00
-4.724784e+00
-4.718496e+00
-4.711992e+00
-4.705272e+00
-4.698335e+00
-4.691182e+00
-4.683812e+00
-4.676226e+00
-4.668422e+00
-4.660401e+00
-4.652163e+00
-4.643708e+00
-4.635035e+00
-4.626145e+00
-4.617037e+00
-4.607711e+00
-4.598167e+00
-4.588406e+00
-4.578426e+00
-4.568229e+00
-4.557813e+00
-4.547180e+00
-4.536328e+00
-4.525259e+00
-4.513971e+00
-4.502465e+00
-4.490742e+00
-4.478800e+00
-4.466640e+00
-4.454263e+00
-4.441668e+00
-4.428855e+00
-4.415824e+00
-4.402576e+00
-4.389111e+00
-4.375428e+00
-4.361528e+00
-4.347411e+00
-4.333077e+00
-4.318527e+00
-4.303760e+00
-4.288776e+00
-4.273577e+00
-4.258162e+00
-4.242530e+00
-4.226684e+00
-4.210622e+00
-4.194345e+00
-4.177853e+00
-4.161147e+00
-4.144226e+00
-4.127092e+00
-4.109744e+00
-4.092182e+00
-4.074408e+00
-4.056421e+00
-4.038222e+00
-4.019810e+00
-4.001187e+00
-3.982353e+00
-3.963307e+00
-3.944052e+00
-3.924586e+00
-3.904910e+00
-3.885025e+00
-3.864932e+00
-3.844630e+00
-3.824120e+00
-3.803402e+00
-3.782478e+00
-3.761347e+00
-3.740010e+00
-3.718468e+00
-3.696720e+00
-3.674768e+00
-3.652612e+00
-3.630253e+00
-3.607691e+00
-3.584927e+00
-3.561961e+00
-3.538794e+00
-3.515426e+00
-3.491859e+00
-3.468092e+00
-3.444127e+00
-3.419963e+00
-3.395603e+00
-3.371045e+00
-3.346292e+00
-3.321343e+00
-3.296200e+00
-3.270863e+00
-3.245332e+00
-3.219609e+00
-3.193695e+00
-3.167589e+00
-3.141293e+00
-3.114807e+00
-3.088133e+00
-3.061271e+00
-3.034221e+00
-3.006985e+00
-2.979564e+00
-2.951958e+00
-2.924168e+00
-2.896195e+00
-2.868039e+00
-2.839703e+00
-2.811186e+00
-2.782489e+00
-2.753614e+00
-2.724561e+00
-2.695331e+00
-2.665925e+00
-2.636343e+00
-2.606588e+00
-2.576660e+00
-2.546560e+00
-2.516288e+00
-2.485846e+00
-2.455235e+00
-2.424455e+00
-2.393508e+00
-2.362395e+00
-2.331117e+00
-2.299675e+00
-2.268070e+00
-2.236302e+00
-2.204373e+00
-2.172285e+00
-2.140038e+00
-2.107632e+00
-2.075071e+00
-2.042353e+00
-2.009481e+00
-1.976456e+00
-1.943279e+00
-1.909950e+00
-1.876472e+00
-1.842845e+00
-1.809071e+00
-1.775150e+00
-1.741084e+00
-1.706873e+00
-1.672521e+00
-1.638026e+00
-1.603391e+00
-1.568617e+00
-1.533706e+00
-1.498657e+00
-1.463473e+00
-1.428155e+00
-1.392705e+00
-1.357122e+00
-1.321410e+00
-1.285568e+00
-1.249599e+00
-1.213503e+00
-1.177283e+00
-1.140938e+00
-1.104472e+00
-1.067884e+00
-1.031177e+00
-9.943512e-01
-9.574086e-01
-9.203505e-01
-8.831783e-01
-8.458933e-01
-8.084968e-01
-7.709905e-01
-7.333755e-01
-6.956535e-01
-6.578257e-01
-6.198936e-01
-5.818588e-01
-5.437225e-01
-5.054864e-01
-4.671518e-01
-4.287202e-01
-3.901931e-01
-3.515720e-01
-3.128584e-01
-2.740538e-01
-2.351596e-01
-1.961774e-01
-1.571088e-01
-1.179552e-01
-7.871816e-02
-3.939925e-02
